[2026-06-18T10:34:06.259+0000] {local_task_job_runner.py:120} INFO - ::group::Pre task execution logs
[2026-06-18T10:34:06.280+0000] {taskinstance.py:2076} INFO - Dependencies all met for dep_context=non-requeueable deps ti=<TaskInstance: update_db.staging_table manual__2026-06-18T10:34:05.296953+00:00 [queued]>
[2026-06-18T10:34:06.289+0000] {taskinstance.py:2076} INFO - Dependencies all met for dep_context=requeueable deps ti=<TaskInstance: update_db.staging_table manual__2026-06-18T10:34:05.296953+00:00 [queued]>
[2026-06-18T10:34:06.290+0000] {taskinstance.py:2306} INFO - Starting attempt 1 of 1
[2026-06-18T10:34:06.301+0000] {taskinstance.py:2330} INFO - Executing <Task(_PythonDecoratedOperator): staging_table> on 2026-06-18 10:34:05.296953+00:00
[2026-06-18T10:34:06.305+0000] {standard_task_runner.py:63} INFO - Started process 2408 to run task
[2026-06-18T10:34:06.309+0000] {standard_task_runner.py:90} INFO - Running: ['airflow', 'tasks', 'run', 'update_db', 'staging_table', 'manual__2026-06-18T10:34:05.296953+00:00', '--job-id', '229', '--raw', '--subdir', 'DAGS_FOLDER/main.py', '--cfg-path', '/tmp/tmpypgmk79f']
[2026-06-18T10:34:06.310+0000] {standard_task_runner.py:91} INFO - Job 229: Subtask staging_table
[2026-06-18T10:34:06.367+0000] {task_command.py:426} INFO - Running <TaskInstance: update_db.staging_table manual__2026-06-18T10:34:05.296953+00:00 [running]> on host 65b80cf50e7a
[2026-06-18T10:34:06.438+0000] {taskinstance.py:2648} INFO - Exporting env vars: AIRFLOW_CTX_DAG_EMAIL='mohamed@dataengineer.com' AIRFLOW_CTX_DAG_OWNER='Mohamed Badr' AIRFLOW_CTX_DAG_ID='update_db' AIRFLOW_CTX_TASK_ID='staging_table' AIRFLOW_CTX_EXECUTION_DATE='2026-06-18T10:34:05.296953+00:00' AIRFLOW_CTX_TRY_NUMBER='1' AIRFLOW_CTX_DAG_RUN_ID='manual__2026-06-18T10:34:05.296953+00:00'
[2026-06-18T10:34:06.439+0000] {taskinstance.py:430} INFO - ::endgroup::
[2026-06-18T10:34:06.447+0000] {base.py:84} INFO - Using connection ID 'postgres_db_yt_elt' for task execution.
[2026-06-18T10:34:06.452+0000] {data_loading.py:12} INFO - Processing file: AJpluskibreet_youtube_data_2026-06-18
[2026-06-18T10:34:06.484+0000] {base.py:84} INFO - Using connection ID 'postgres_db_yt_elt' for task execution.
[2026-06-18T10:34:06.490+0000] {base.py:84} INFO - Using connection ID 'postgres_db_yt_elt' for task execution.
[2026-06-18T10:34:11.403+0000] {dwh.py:44} INFO - staging table update completed
[2026-06-18T10:34:11.405+0000] {python.py:237} INFO - Done. Returned value was: None
[2026-06-18T10:34:11.407+0000] {taskinstance.py:441} INFO - ::group::Post task execution logs
[2026-06-18T10:34:11.417+0000] {taskinstance.py:1206} INFO - Marking task as SUCCESS. dag_id=update_db, task_id=staging_table, run_id=manual__2026-06-18T10:34:05.296953+00:00, execution_date=20260618T103405, start_date=20260618T103406, end_date=20260618T103411
[2026-06-18T10:34:11.451+0000] {local_task_job_runner.py:240} INFO - Task exited with return code 0
[2026-06-18T10:34:11.471+0000] {taskinstance.py:3503} INFO - 1 downstream tasks scheduled from follow-on schedule check
[2026-06-18T10:34:11.473+0000] {local_task_job_runner.py:222} INFO - ::endgroup::
