[2026-06-18T10:35:39.859+0000] {local_task_job_runner.py:120} INFO - ::group::Pre task execution logs
[2026-06-18T10:35:39.879+0000] {taskinstance.py:2076} INFO - Dependencies all met for dep_context=non-requeueable deps ti=<TaskInstance: update_db.core_table manual__2026-06-18T10:35:29.427358+00:00 [queued]>
[2026-06-18T10:35:39.887+0000] {taskinstance.py:2076} INFO - Dependencies all met for dep_context=requeueable deps ti=<TaskInstance: update_db.core_table manual__2026-06-18T10:35:29.427358+00:00 [queued]>
[2026-06-18T10:35:39.888+0000] {taskinstance.py:2306} INFO - Starting attempt 1 of 1
[2026-06-18T10:35:39.899+0000] {taskinstance.py:2330} INFO - Executing <Task(_PythonDecoratedOperator): core_table> on 2026-06-18 10:35:29.427358+00:00
[2026-06-18T10:35:39.903+0000] {standard_task_runner.py:63} INFO - Started process 2435 to run task
[2026-06-18T10:35:39.907+0000] {standard_task_runner.py:90} INFO - Running: ['airflow', 'tasks', 'run', 'update_db', 'core_table', 'manual__2026-06-18T10:35:29.427358+00:00', '--job-id', '232', '--raw', '--subdir', 'DAGS_FOLDER/main.py', '--cfg-path', '/tmp/tmpa92h22v2']
[2026-06-18T10:35:39.908+0000] {standard_task_runner.py:91} INFO - Job 232: Subtask core_table
[2026-06-18T10:35:39.960+0000] {task_command.py:426} INFO - Running <TaskInstance: update_db.core_table manual__2026-06-18T10:35:29.427358+00:00 [running]> on host 65b80cf50e7a
[2026-06-18T10:35:40.028+0000] {taskinstance.py:2648} INFO - Exporting env vars: AIRFLOW_CTX_DAG_EMAIL='mohamed@dataengineer.com' AIRFLOW_CTX_DAG_OWNER='Mohamed Badr' AIRFLOW_CTX_DAG_ID='update_db' AIRFLOW_CTX_TASK_ID='core_table' AIRFLOW_CTX_EXECUTION_DATE='2026-06-18T10:35:29.427358+00:00' AIRFLOW_CTX_TRY_NUMBER='1' AIRFLOW_CTX_DAG_RUN_ID='manual__2026-06-18T10:35:29.427358+00:00'
[2026-06-18T10:35:40.030+0000] {taskinstance.py:430} INFO - ::endgroup::
[2026-06-18T10:35:40.039+0000] {base.py:84} INFO - Using connection ID 'postgres_db_yt_elt' for task execution.
[2026-06-18T10:35:40.044+0000] {base.py:84} INFO - Using connection ID 'postgres_db_yt_elt' for task execution.
[2026-06-18T10:35:40.051+0000] {base.py:84} INFO - Using connection ID 'postgres_db_yt_elt' for task execution.
[2026-06-18T10:35:45.137+0000] {dwh.py:98} INFO - core table update completed
[2026-06-18T10:35:45.138+0000] {python.py:237} INFO - Done. Returned value was: None
[2026-06-18T10:35:45.140+0000] {taskinstance.py:441} INFO - ::group::Post task execution logs
[2026-06-18T10:35:45.147+0000] {taskinstance.py:1206} INFO - Marking task as SUCCESS. dag_id=update_db, task_id=core_table, run_id=manual__2026-06-18T10:35:29.427358+00:00, execution_date=20260618T103529, start_date=20260618T103539, end_date=20260618T103545
[2026-06-18T10:35:45.170+0000] {local_task_job_runner.py:240} INFO - Task exited with return code 0
[2026-06-18T10:35:45.182+0000] {taskinstance.py:3503} INFO - 0 downstream tasks scheduled from follow-on schedule check
[2026-06-18T10:35:45.185+0000] {local_task_job_runner.py:222} INFO - ::endgroup::
