[2026-06-18T20:38:30.425+0000] {local_task_job_runner.py:120} INFO - ::group::Pre task execution logs
[2026-06-18T20:38:30.449+0000] {taskinstance.py:2076} INFO - Dependencies all met for dep_context=non-requeueable deps ti=<TaskInstance: update_db.core_table manual__2026-06-18T20:38:18.525468+00:00 [queued]>
[2026-06-18T20:38:30.459+0000] {taskinstance.py:2076} INFO - Dependencies all met for dep_context=requeueable deps ti=<TaskInstance: update_db.core_table manual__2026-06-18T20:38:18.525468+00:00 [queued]>
[2026-06-18T20:38:30.460+0000] {taskinstance.py:2306} INFO - Starting attempt 1 of 1
[2026-06-18T20:38:30.474+0000] {taskinstance.py:2330} INFO - Executing <Task(_PythonDecoratedOperator): core_table> on 2026-06-18 20:38:18.525468+00:00
[2026-06-18T20:38:30.478+0000] {standard_task_runner.py:63} INFO - Started process 6116 to run task
[2026-06-18T20:38:30.482+0000] {standard_task_runner.py:90} INFO - Running: ['airflow', 'tasks', 'run', 'update_db', 'core_table', 'manual__2026-06-18T20:38:18.525468+00:00', '--job-id', '245', '--raw', '--subdir', 'DAGS_FOLDER/main.py', '--cfg-path', '/tmp/tmpp3l_50y3']
[2026-06-18T20:38:30.484+0000] {standard_task_runner.py:91} INFO - Job 245: Subtask core_table
[2026-06-18T20:38:30.545+0000] {task_command.py:426} INFO - Running <TaskInstance: update_db.core_table manual__2026-06-18T20:38:18.525468+00:00 [running]> on host 65b80cf50e7a
[2026-06-18T20:38:30.633+0000] {taskinstance.py:2648} INFO - Exporting env vars: AIRFLOW_CTX_DAG_EMAIL='mohamed@dataengineer.com' AIRFLOW_CTX_DAG_OWNER='Mohamed Badr' AIRFLOW_CTX_DAG_ID='update_db' AIRFLOW_CTX_TASK_ID='core_table' AIRFLOW_CTX_EXECUTION_DATE='2026-06-18T20:38:18.525468+00:00' AIRFLOW_CTX_TRY_NUMBER='1' AIRFLOW_CTX_DAG_RUN_ID='manual__2026-06-18T20:38:18.525468+00:00'
[2026-06-18T20:38:30.634+0000] {taskinstance.py:430} INFO - ::endgroup::
[2026-06-18T20:38:30.654+0000] {base.py:84} INFO - Using connection ID 'postgres_db_yt_elt' for task execution.
[2026-06-18T20:38:30.660+0000] {base.py:84} INFO - Using connection ID 'postgres_db_yt_elt' for task execution.
[2026-06-18T20:38:30.666+0000] {base.py:84} INFO - Using connection ID 'postgres_db_yt_elt' for task execution.
[2026-06-18T20:38:30.726+0000] {data_modification.py:80} INFO - Update row with Video_ID: 88eTfI9x47w
[2026-06-18T20:38:30.728+0000] {data_modification.py:80} INFO - Update row with Video_ID: um5C-utHA2A
[2026-06-18T20:38:30.730+0000] {data_modification.py:80} INFO - Update row with Video_ID: wE2AXNh2XSs
[2026-06-18T20:38:30.731+0000] {data_modification.py:80} INFO - Update row with Video_ID: oL5KLgJy-VM
[2026-06-18T20:38:30.733+0000] {data_modification.py:80} INFO - Update row with Video_ID: iwNGdgrHGb0
[2026-06-18T20:38:30.735+0000] {data_modification.py:80} INFO - Update row with Video_ID: vjkYkCa4ziI
[2026-06-18T20:38:30.737+0000] {data_modification.py:80} INFO - Update row with Video_ID: DQkCIxnkOyk
[2026-06-18T20:38:30.740+0000] {data_modification.py:80} INFO - Update row with Video_ID: Xy9iMdN3tik
[2026-06-18T20:38:30.742+0000] {data_modification.py:80} INFO - Update row with Video_ID: gjZX2IVSy9w
[2026-06-18T20:38:30.744+0000] {data_modification.py:80} INFO - Update row with Video_ID: TnsW5QdKw3c
[2026-06-18T20:38:30.746+0000] {data_modification.py:80} INFO - Update row with Video_ID: CZ3YghuSd5c
[2026-06-18T20:38:30.748+0000] {data_modification.py:80} INFO - Update row with Video_ID: x3fs67gnrks
[2026-06-18T20:38:30.750+0000] {data_modification.py:80} INFO - Update row with Video_ID: 8e_YCJrwqog
[2026-06-18T20:38:30.752+0000] {data_modification.py:80} INFO - Update row with Video_ID: NurBK-zG22w
[2026-06-18T20:38:30.754+0000] {data_modification.py:80} INFO - Update row with Video_ID: mHpAqi7OssU
[2026-06-18T20:38:30.756+0000] {data_modification.py:80} INFO - Update row with Video_ID: Hnhpd6DKLBA
[2026-06-18T20:38:30.758+0000] {data_modification.py:80} INFO - Update row with Video_ID: 65si0zV0phY
[2026-06-18T20:38:30.760+0000] {data_modification.py:80} INFO - Update row with Video_ID: d6l5pT3DE0U
[2026-06-18T20:38:30.762+0000] {data_modification.py:80} INFO - Update row with Video_ID: JJkgtXf4oR4
[2026-06-18T20:38:30.764+0000] {data_modification.py:80} INFO - Update row with Video_ID: laH0EVnCgFY
[2026-06-18T20:38:30.766+0000] {data_modification.py:80} INFO - Update row with Video_ID: yeiUsI2aW2A
[2026-06-18T20:38:30.768+0000] {data_modification.py:80} INFO - Update row with Video_ID: IwIYx55Vlxk
[2026-06-18T20:38:30.770+0000] {data_modification.py:80} INFO - Update row with Video_ID: fAd2nKfrDB8
[2026-06-18T20:38:30.772+0000] {data_modification.py:80} INFO - Update row with Video_ID: 4rhDw4LrfoY
[2026-06-18T20:38:30.774+0000] {data_modification.py:80} INFO - Update row with Video_ID: fb9XW4v4xXI
[2026-06-18T20:38:30.776+0000] {data_modification.py:80} INFO - Update row with Video_ID: XLlI_cBwpEw
[2026-06-18T20:38:30.778+0000] {data_modification.py:80} INFO - Update row with Video_ID: PnRQQp2lkas
[2026-06-18T20:38:30.780+0000] {data_modification.py:80} INFO - Update row with Video_ID: v1yNVU1uk8E
[2026-06-18T20:38:30.782+0000] {data_modification.py:80} INFO - Update row with Video_ID: xs_ruxz6OLs
[2026-06-18T20:38:30.783+0000] {data_modification.py:80} INFO - Update row with Video_ID: 3MQgV_0qYW4
[2026-06-18T20:38:30.786+0000] {data_modification.py:80} INFO - Update row with Video_ID: OTQnas6NZsM
[2026-06-18T20:38:30.788+0000] {data_modification.py:80} INFO - Update row with Video_ID: 2LfJcOt7Zhs
[2026-06-18T20:38:30.790+0000] {data_modification.py:80} INFO - Update row with Video_ID: 4xZSOmwSa84
[2026-06-18T20:38:30.792+0000] {data_modification.py:80} INFO - Update row with Video_ID: a85nnCpFVuc
[2026-06-18T20:38:30.794+0000] {data_modification.py:80} INFO - Update row with Video_ID: ZVZ-ss89ixY
[2026-06-18T20:38:30.795+0000] {data_modification.py:80} INFO - Update row with Video_ID: WELMZSlw2Po
[2026-06-18T20:38:30.797+0000] {data_modification.py:80} INFO - Update row with Video_ID: 3cjo-gvtSCs
[2026-06-18T20:38:30.799+0000] {data_modification.py:80} INFO - Update row with Video_ID: pEixtZ0Ow70
[2026-06-18T20:38:30.800+0000] {data_modification.py:80} INFO - Update row with Video_ID: EBrX7B1y7zQ
[2026-06-18T20:38:30.802+0000] {data_modification.py:80} INFO - Update row with Video_ID: R7f5uoylrS8
[2026-06-18T20:38:30.805+0000] {data_modification.py:80} INFO - Update row with Video_ID: _M2Ip8hIhQY
[2026-06-18T20:38:30.807+0000] {data_modification.py:80} INFO - Update row with Video_ID: kGJmJmtYFyA
[2026-06-18T20:38:30.808+0000] {data_modification.py:80} INFO - Update row with Video_ID: HaH4YeqcXps
[2026-06-18T20:38:30.810+0000] {data_modification.py:80} INFO - Update row with Video_ID: tjb0OAAudcE
[2026-06-18T20:38:30.812+0000] {data_modification.py:80} INFO - Update row with Video_ID: 5QT58KiVi6U
[2026-06-18T20:38:30.814+0000] {data_modification.py:80} INFO - Update row with Video_ID: cwHcr4NrkzI
[2026-06-18T20:38:30.815+0000] {data_modification.py:80} INFO - Update row with Video_ID: e-kEIMVTyKI
[2026-06-18T20:38:30.817+0000] {data_modification.py:80} INFO - Update row with Video_ID: XBTk4hQvgG0
[2026-06-18T20:38:30.819+0000] {data_modification.py:80} INFO - Update row with Video_ID: MQhVC0isILw
[2026-06-18T20:38:30.822+0000] {data_modification.py:80} INFO - Update row with Video_ID: Hq2-8w33kek
[2026-06-18T20:38:30.824+0000] {data_modification.py:80} INFO - Update row with Video_ID: Qlw2sWfIaL0
[2026-06-18T20:38:30.826+0000] {data_modification.py:80} INFO - Update row with Video_ID: ThrogkVegkM
[2026-06-18T20:38:30.827+0000] {data_modification.py:80} INFO - Update row with Video_ID: HCjCk2ILbX0
[2026-06-18T20:38:30.829+0000] {data_modification.py:80} INFO - Update row with Video_ID: V2dIvo7xHcM
[2026-06-18T20:38:30.832+0000] {data_modification.py:80} INFO - Update row with Video_ID: HOFA3hKGAFI
[2026-06-18T20:38:30.833+0000] {data_modification.py:80} INFO - Update row with Video_ID: LylonR628Nc
[2026-06-18T20:38:30.835+0000] {data_modification.py:80} INFO - Update row with Video_ID: tiBLj7V-2zM
[2026-06-18T20:38:30.837+0000] {data_modification.py:80} INFO - Update row with Video_ID: LoF5RvVhFsI
[2026-06-18T20:38:30.839+0000] {data_modification.py:80} INFO - Update row with Video_ID: sF869j97K_A
[2026-06-18T20:38:30.841+0000] {data_modification.py:80} INFO - Update row with Video_ID: 6C5zopMkIZ0
[2026-06-18T20:38:30.843+0000] {data_modification.py:80} INFO - Update row with Video_ID: EZOdxSsRnXo
[2026-06-18T20:38:30.844+0000] {data_modification.py:80} INFO - Update row with Video_ID: Cz6ZNmZ1BPM
[2026-06-18T20:38:30.846+0000] {data_modification.py:80} INFO - Update row with Video_ID: UePfWzAUYng
[2026-06-18T20:38:30.848+0000] {data_modification.py:80} INFO - Update row with Video_ID: xFtgtj9Fu6A
[2026-06-18T20:38:30.850+0000] {data_modification.py:80} INFO - Update row with Video_ID: KRKiSIRQpoI
[2026-06-18T20:38:30.851+0000] {data_modification.py:80} INFO - Update row with Video_ID: MHdvZMC-dyQ
[2026-06-18T20:38:30.854+0000] {data_modification.py:80} INFO - Update row with Video_ID: SsuHibtghHI
[2026-06-18T20:38:30.856+0000] {data_modification.py:80} INFO - Update row with Video_ID: vMVkMquNXX4
[2026-06-18T20:38:30.858+0000] {data_modification.py:80} INFO - Update row with Video_ID: prUdeD-FrxM
[2026-06-18T20:38:30.860+0000] {data_modification.py:80} INFO - Update row with Video_ID: BRq8usfW92Q
[2026-06-18T20:38:30.861+0000] {data_modification.py:80} INFO - Update row with Video_ID: ajkuJMuff30
[2026-06-18T20:38:30.863+0000] {data_modification.py:80} INFO - Update row with Video_ID: YNHnm0SyMeU
[2026-06-18T20:38:30.865+0000] {data_modification.py:80} INFO - Update row with Video_ID: 3OX7MXX_RYY
[2026-06-18T20:38:30.866+0000] {data_modification.py:80} INFO - Update row with Video_ID: X3gdxILQEBI
[2026-06-18T20:38:30.868+0000] {data_modification.py:80} INFO - Update row with Video_ID: c91lXjDs2yE
[2026-06-18T20:38:30.870+0000] {data_modification.py:80} INFO - Update row with Video_ID: 97U_AY9HmxY
[2026-06-18T20:38:30.872+0000] {data_modification.py:80} INFO - Update row with Video_ID: JTpPkjm4q0k
[2026-06-18T20:38:30.874+0000] {data_modification.py:80} INFO - Update row with Video_ID: l3P3-z3TA00
[2026-06-18T20:38:30.876+0000] {data_modification.py:80} INFO - Update row with Video_ID: v-lLejHitXg
[2026-06-18T20:38:30.878+0000] {data_modification.py:80} INFO - Update row with Video_ID: FzE2Wx3muik
[2026-06-18T20:38:30.880+0000] {data_modification.py:80} INFO - Update row with Video_ID: _ywBKaZWyRQ
[2026-06-18T20:38:30.881+0000] {data_modification.py:80} INFO - Update row with Video_ID: lGJ0DogU24A
[2026-06-18T20:38:30.883+0000] {data_modification.py:80} INFO - Update row with Video_ID: MM-m6oT8UB4
[2026-06-18T20:38:30.885+0000] {data_modification.py:80} INFO - Update row with Video_ID: 9g5YCNWUdqs
[2026-06-18T20:38:30.887+0000] {data_modification.py:80} INFO - Update row with Video_ID: RserL93oBQA
[2026-06-18T20:38:30.890+0000] {data_modification.py:80} INFO - Update row with Video_ID: ZYhg04rPLag
[2026-06-18T20:38:30.892+0000] {data_modification.py:80} INFO - Update row with Video_ID: vTMyOchxhdo
[2026-06-18T20:38:30.894+0000] {data_modification.py:80} INFO - Update row with Video_ID: 5k058dhTeno
[2026-06-18T20:38:30.895+0000] {data_modification.py:80} INFO - Update row with Video_ID: _oWgUdlhD30
[2026-06-18T20:38:30.897+0000] {data_modification.py:80} INFO - Update row with Video_ID: r6PhLtDKDMU
[2026-06-18T20:38:30.899+0000] {data_modification.py:80} INFO - Update row with Video_ID: YOYWf3PT-Bo
[2026-06-18T20:38:30.900+0000] {data_modification.py:80} INFO - Update row with Video_ID: bUXgtEkvHTQ
[2026-06-18T20:38:30.902+0000] {data_modification.py:80} INFO - Update row with Video_ID: AXtiBRSJGBI
[2026-06-18T20:38:30.905+0000] {data_modification.py:80} INFO - Update row with Video_ID: d1WGXvc9iUI
[2026-06-18T20:38:30.906+0000] {data_modification.py:80} INFO - Update row with Video_ID: sw1NQyETd54
[2026-06-18T20:38:30.908+0000] {data_modification.py:80} INFO - Update row with Video_ID: UD5IwfBo1gw
[2026-06-18T20:38:30.910+0000] {data_modification.py:80} INFO - Update row with Video_ID: YQmn1LwYRrk
[2026-06-18T20:38:30.912+0000] {data_modification.py:80} INFO - Update row with Video_ID: 0FD58k4u9vU
[2026-06-18T20:38:30.913+0000] {data_modification.py:80} INFO - Update row with Video_ID: wVNh8Mx_PfE
[2026-06-18T20:38:30.915+0000] {data_modification.py:80} INFO - Update row with Video_ID: Ib8jzzi_gUI
[2026-06-18T20:38:30.917+0000] {data_modification.py:80} INFO - Update row with Video_ID: ahPSHLEVsUE
[2026-06-18T20:38:30.919+0000] {data_modification.py:80} INFO - Update row with Video_ID: 4GIyE6984tk
[2026-06-18T20:38:30.921+0000] {data_modification.py:80} INFO - Update row with Video_ID: _oEfS4y2E5U
[2026-06-18T20:38:30.923+0000] {data_modification.py:80} INFO - Update row with Video_ID: Sutf_8yHjzY
[2026-06-18T20:38:30.925+0000] {data_modification.py:80} INFO - Update row with Video_ID: zDNsG7F1KC4
[2026-06-18T20:38:30.927+0000] {data_modification.py:80} INFO - Update row with Video_ID: iVqGnjhu6sQ
[2026-06-18T20:38:30.929+0000] {data_modification.py:80} INFO - Update row with Video_ID: 232FQHVz_Us
[2026-06-18T20:38:30.931+0000] {data_modification.py:80} INFO - Update row with Video_ID: fuiEIrJUIZc
[2026-06-18T20:38:30.933+0000] {data_modification.py:80} INFO - Update row with Video_ID: 9Wtyo7K5EIc
[2026-06-18T20:38:30.935+0000] {data_modification.py:80} INFO - Update row with Video_ID: -t-1qJEjPCI
[2026-06-18T20:38:30.937+0000] {data_modification.py:80} INFO - Update row with Video_ID: vDfHZOiGa5s
[2026-06-18T20:38:30.940+0000] {data_modification.py:80} INFO - Update row with Video_ID: ol-QOnFrjvY
[2026-06-18T20:38:30.943+0000] {data_modification.py:80} INFO - Update row with Video_ID: oZv-Bb0fgpM
[2026-06-18T20:38:30.945+0000] {data_modification.py:80} INFO - Update row with Video_ID: F62lpknhIWo
[2026-06-18T20:38:30.948+0000] {data_modification.py:80} INFO - Update row with Video_ID: 2Cd8QKs6RZw
[2026-06-18T20:38:30.950+0000] {data_modification.py:80} INFO - Update row with Video_ID: pnVRws0-sUw
[2026-06-18T20:38:30.952+0000] {data_modification.py:80} INFO - Update row with Video_ID: dyf5gWacGxw
[2026-06-18T20:38:30.954+0000] {data_modification.py:80} INFO - Update row with Video_ID: LiyObO4EUWM
[2026-06-18T20:38:30.957+0000] {data_modification.py:80} INFO - Update row with Video_ID: H-URWjpX2qg
[2026-06-18T20:38:30.958+0000] {data_modification.py:80} INFO - Update row with Video_ID: XcS8ZzACdPA
[2026-06-18T20:38:30.960+0000] {data_modification.py:80} INFO - Update row with Video_ID: c_lzft271AU
[2026-06-18T20:38:30.963+0000] {data_modification.py:80} INFO - Update row with Video_ID: qKHagQ2ENVQ
[2026-06-18T20:38:30.965+0000] {data_modification.py:80} INFO - Update row with Video_ID: QhWP5TrfaaA
[2026-06-18T20:38:30.968+0000] {data_modification.py:80} INFO - Update row with Video_ID: ZYtLLhlg-zM
[2026-06-18T20:38:30.972+0000] {data_modification.py:80} INFO - Update row with Video_ID: J9mlCHpWjUY
[2026-06-18T20:38:30.975+0000] {data_modification.py:80} INFO - Update row with Video_ID: J7dME-NlFtw
[2026-06-18T20:38:30.978+0000] {data_modification.py:80} INFO - Update row with Video_ID: -ksEYwkOv6w
[2026-06-18T20:38:30.983+0000] {data_modification.py:80} INFO - Update row with Video_ID: PYTNW_1-fPk
[2026-06-18T20:38:30.986+0000] {data_modification.py:80} INFO - Update row with Video_ID: DM3i7xZrTQE
[2026-06-18T20:38:30.990+0000] {data_modification.py:80} INFO - Update row with Video_ID: K3rUdgCZK_k
[2026-06-18T20:38:30.993+0000] {data_modification.py:80} INFO - Update row with Video_ID: HR5mynAuGMg
[2026-06-18T20:38:30.997+0000] {data_modification.py:80} INFO - Update row with Video_ID: d0m9N98gFgk
[2026-06-18T20:38:31.000+0000] {data_modification.py:80} INFO - Update row with Video_ID: l58woGl3qcM
[2026-06-18T20:38:31.006+0000] {data_modification.py:80} INFO - Update row with Video_ID: biaVpkiGy1w
[2026-06-18T20:38:31.010+0000] {data_modification.py:80} INFO - Update row with Video_ID: 5XbYuOPc7V8
[2026-06-18T20:38:31.014+0000] {data_modification.py:80} INFO - Update row with Video_ID: np-GXMYd4Ng
[2026-06-18T20:38:31.017+0000] {data_modification.py:80} INFO - Update row with Video_ID: Mlc5DfyvhTM
[2026-06-18T20:38:31.021+0000] {data_modification.py:80} INFO - Update row with Video_ID: Z54dy1Fpjgw
[2026-06-18T20:38:31.025+0000] {data_modification.py:80} INFO - Update row with Video_ID: KF3qj2JmeU8
[2026-06-18T20:38:31.028+0000] {data_modification.py:80} INFO - Update row with Video_ID: -QjXFEMbZsE
[2026-06-18T20:38:31.031+0000] {data_modification.py:80} INFO - Update row with Video_ID: dgOYxkaNJHs
[2026-06-18T20:38:31.034+0000] {data_modification.py:80} INFO - Update row with Video_ID: ZI4AOsuLRZE
[2026-06-18T20:38:31.038+0000] {data_modification.py:80} INFO - Update row with Video_ID: nPfc1NL-A5U
[2026-06-18T20:38:31.041+0000] {data_modification.py:80} INFO - Update row with Video_ID: SU2IOn3oXhc
[2026-06-18T20:38:31.044+0000] {data_modification.py:80} INFO - Update row with Video_ID: BjI3x5_iPi4
[2026-06-18T20:38:31.047+0000] {data_modification.py:80} INFO - Update row with Video_ID: H31V4aNJu8Y
[2026-06-18T20:38:31.049+0000] {data_modification.py:80} INFO - Update row with Video_ID: bMzo9xJyoe0
[2026-06-18T20:38:31.051+0000] {data_modification.py:80} INFO - Update row with Video_ID: szJKkx1LVRc
[2026-06-18T20:38:31.054+0000] {data_modification.py:80} INFO - Update row with Video_ID: NOTa38_6Qkw
[2026-06-18T20:38:31.057+0000] {data_modification.py:80} INFO - Update row with Video_ID: eoDw_kObIXw
[2026-06-18T20:38:31.059+0000] {data_modification.py:80} INFO - Update row with Video_ID: rQTbTfpeNTE
[2026-06-18T20:38:31.061+0000] {data_modification.py:80} INFO - Update row with Video_ID: u9VCi33FJq8
[2026-06-18T20:38:31.062+0000] {data_modification.py:80} INFO - Update row with Video_ID: Ual8HtmThJA
[2026-06-18T20:38:31.064+0000] {data_modification.py:80} INFO - Update row with Video_ID: Vpumau7Kyoc
[2026-06-18T20:38:31.066+0000] {data_modification.py:80} INFO - Update row with Video_ID: SkTBb_6jlSc
[2026-06-18T20:38:31.068+0000] {data_modification.py:80} INFO - Update row with Video_ID: BW0gkYP09y8
[2026-06-18T20:38:31.069+0000] {data_modification.py:80} INFO - Update row with Video_ID: rjKeiNwJwhY
[2026-06-18T20:38:31.072+0000] {data_modification.py:80} INFO - Update row with Video_ID: iYV-uJpNx-w
[2026-06-18T20:38:31.074+0000] {data_modification.py:80} INFO - Update row with Video_ID: lZMD0sUlmz0
[2026-06-18T20:38:31.076+0000] {data_modification.py:80} INFO - Update row with Video_ID: TUuxZFwLP6c
[2026-06-18T20:38:31.078+0000] {data_modification.py:80} INFO - Update row with Video_ID: xVkvrLt20kk
[2026-06-18T20:38:31.080+0000] {data_modification.py:80} INFO - Update row with Video_ID: 0pSj826sBpw
[2026-06-18T20:38:31.082+0000] {data_modification.py:80} INFO - Update row with Video_ID: Ey2G5OJICtI
[2026-06-18T20:38:31.083+0000] {data_modification.py:80} INFO - Update row with Video_ID: 6G7U7HzyC-U
[2026-06-18T20:38:31.085+0000] {data_modification.py:80} INFO - Update row with Video_ID: BnoRAJMz65Q
[2026-06-18T20:38:31.087+0000] {data_modification.py:80} INFO - Update row with Video_ID: dACCWZiIMNs
[2026-06-18T20:38:31.090+0000] {data_modification.py:80} INFO - Update row with Video_ID: sDIeWS08WxE
[2026-06-18T20:38:31.092+0000] {data_modification.py:80} INFO - Update row with Video_ID: HnPx4IXUZZw
[2026-06-18T20:38:31.094+0000] {data_modification.py:80} INFO - Update row with Video_ID: 6Ok1Z09w_PY
[2026-06-18T20:38:31.096+0000] {data_modification.py:80} INFO - Update row with Video_ID: JlNXpAx1pKE
[2026-06-18T20:38:31.098+0000] {data_modification.py:80} INFO - Update row with Video_ID: j-3bY7FZQr4
[2026-06-18T20:38:31.101+0000] {data_modification.py:80} INFO - Update row with Video_ID: cwg-X6tut2s
[2026-06-18T20:38:31.103+0000] {data_modification.py:80} INFO - Update row with Video_ID: MYPHLOsPhsQ
[2026-06-18T20:38:31.106+0000] {data_modification.py:80} INFO - Update row with Video_ID: yyW2YSi0sws
[2026-06-18T20:38:31.108+0000] {data_modification.py:80} INFO - Update row with Video_ID: YDAkVi0ty2c
[2026-06-18T20:38:31.109+0000] {data_modification.py:80} INFO - Update row with Video_ID: O59tCzUt31g
[2026-06-18T20:38:31.111+0000] {data_modification.py:80} INFO - Update row with Video_ID: ybQ0ydVRIkk
[2026-06-18T20:38:31.113+0000] {data_modification.py:80} INFO - Update row with Video_ID: a44Yfun0csY
[2026-06-18T20:38:31.115+0000] {data_modification.py:80} INFO - Update row with Video_ID: xcGZq-LDIbo
[2026-06-18T20:38:31.117+0000] {data_modification.py:80} INFO - Update row with Video_ID: _yj6_1TDICQ
[2026-06-18T20:38:31.118+0000] {data_modification.py:80} INFO - Update row with Video_ID: 1sd4TeGTDRg
[2026-06-18T20:38:31.123+0000] {data_modification.py:80} INFO - Update row with Video_ID: 3ZBBmLJkP2k
[2026-06-18T20:38:31.125+0000] {data_modification.py:80} INFO - Update row with Video_ID: hv0C4vlaWQY
[2026-06-18T20:38:31.127+0000] {data_modification.py:80} INFO - Update row with Video_ID: V4_B-Ow3bQs
[2026-06-18T20:38:31.129+0000] {data_modification.py:80} INFO - Update row with Video_ID: Ol-1ufla3yI
[2026-06-18T20:38:31.131+0000] {data_modification.py:80} INFO - Update row with Video_ID: 0hHofaPPMU4
[2026-06-18T20:38:31.132+0000] {data_modification.py:80} INFO - Update row with Video_ID: 2FkKGMjEmEo
[2026-06-18T20:38:31.134+0000] {data_modification.py:80} INFO - Update row with Video_ID: 6B0rFLl9Qq4
[2026-06-18T20:38:31.136+0000] {data_modification.py:80} INFO - Update row with Video_ID: _Z-e3akugbM
[2026-06-18T20:38:31.140+0000] {data_modification.py:80} INFO - Update row with Video_ID: _0pFQi8_iV4
[2026-06-18T20:38:31.142+0000] {data_modification.py:80} INFO - Update row with Video_ID: rWX0idfvNzw
[2026-06-18T20:38:31.144+0000] {data_modification.py:80} INFO - Update row with Video_ID: ZdBm4iomfJw
[2026-06-18T20:38:31.146+0000] {data_modification.py:80} INFO - Update row with Video_ID: qGUQ_-TFgiM
[2026-06-18T20:38:31.148+0000] {data_modification.py:80} INFO - Update row with Video_ID: FFwcRxvcCUY
[2026-06-18T20:38:31.150+0000] {data_modification.py:80} INFO - Update row with Video_ID: pzHYa2EESvQ
[2026-06-18T20:38:31.152+0000] {data_modification.py:80} INFO - Update row with Video_ID: YoaffuQtJ3k
[2026-06-18T20:38:31.155+0000] {data_modification.py:80} INFO - Update row with Video_ID: KbZdYgNKFhc
[2026-06-18T20:38:31.158+0000] {data_modification.py:80} INFO - Update row with Video_ID: rJLUA_XqyH8
[2026-06-18T20:38:31.160+0000] {data_modification.py:80} INFO - Update row with Video_ID: S08qmVc7xzU
[2026-06-18T20:38:31.162+0000] {data_modification.py:80} INFO - Update row with Video_ID: WbOxkVXkt2o
[2026-06-18T20:38:31.164+0000] {data_modification.py:80} INFO - Update row with Video_ID: UoHe3Y-F-hs
[2026-06-18T20:38:31.166+0000] {data_modification.py:80} INFO - Update row with Video_ID: Aawvk20n4gM
[2026-06-18T20:38:31.168+0000] {data_modification.py:80} INFO - Update row with Video_ID: GTrlmJqEhBM
[2026-06-18T20:38:31.172+0000] {data_modification.py:80} INFO - Update row with Video_ID: dgyqsH4LiZE
[2026-06-18T20:38:31.174+0000] {data_modification.py:80} INFO - Update row with Video_ID: djYBfH7_2vc
[2026-06-18T20:38:31.176+0000] {data_modification.py:80} INFO - Update row with Video_ID: 4XwRy6N-FsY
[2026-06-18T20:38:31.178+0000] {data_modification.py:80} INFO - Update row with Video_ID: 8rcqFgU08nY
[2026-06-18T20:38:31.180+0000] {data_modification.py:80} INFO - Update row with Video_ID: V7p3IcePmZI
[2026-06-18T20:38:31.182+0000] {data_modification.py:80} INFO - Update row with Video_ID: glUgvjuswtU
[2026-06-18T20:38:31.184+0000] {data_modification.py:80} INFO - Update row with Video_ID: cHK6n5htljg
[2026-06-18T20:38:31.186+0000] {data_modification.py:80} INFO - Update row with Video_ID: fQr9O3r699g
[2026-06-18T20:38:31.189+0000] {data_modification.py:80} INFO - Update row with Video_ID: DmHrZumUeZ8
[2026-06-18T20:38:31.192+0000] {data_modification.py:80} INFO - Update row with Video_ID: Af29AWin00Y
[2026-06-18T20:38:31.194+0000] {data_modification.py:80} INFO - Update row with Video_ID: hmtuZdWVNwA
[2026-06-18T20:38:31.196+0000] {data_modification.py:80} INFO - Update row with Video_ID: VdM0x9MsAlY
[2026-06-18T20:38:31.198+0000] {data_modification.py:80} INFO - Update row with Video_ID: DFeVRXs3nII
[2026-06-18T20:38:31.200+0000] {data_modification.py:80} INFO - Update row with Video_ID: A-zXon-gPcw
[2026-06-18T20:38:31.203+0000] {data_modification.py:80} INFO - Update row with Video_ID: Kssz0Azs8aw
[2026-06-18T20:38:31.206+0000] {data_modification.py:80} INFO - Update row with Video_ID: fuXQvNTkcHM
[2026-06-18T20:38:31.208+0000] {data_modification.py:80} INFO - Update row with Video_ID: w147fsgfSHs
[2026-06-18T20:38:31.210+0000] {data_modification.py:80} INFO - Update row with Video_ID: MVo_rDYKmbg
[2026-06-18T20:38:31.212+0000] {data_modification.py:80} INFO - Update row with Video_ID: c44i3Wn7PwM
[2026-06-18T20:38:31.214+0000] {data_modification.py:80} INFO - Update row with Video_ID: niYKihrYpRc
[2026-06-18T20:38:31.215+0000] {data_modification.py:80} INFO - Update row with Video_ID: xI-DfeRwyqE
[2026-06-18T20:38:31.217+0000] {data_modification.py:80} INFO - Update row with Video_ID: OvYgXiWmYU8
[2026-06-18T20:38:31.219+0000] {data_modification.py:80} INFO - Update row with Video_ID: qspQL3W4-_E
[2026-06-18T20:38:31.222+0000] {data_modification.py:80} INFO - Update row with Video_ID: HIlh2XSpOGg
[2026-06-18T20:38:31.224+0000] {data_modification.py:80} INFO - Update row with Video_ID: UbgeSdPFUxQ
[2026-06-18T20:38:31.226+0000] {data_modification.py:80} INFO - Update row with Video_ID: 41VFbFxsFYw
[2026-06-18T20:38:31.228+0000] {data_modification.py:80} INFO - Update row with Video_ID: fPom6Wl2tg8
[2026-06-18T20:38:31.230+0000] {data_modification.py:80} INFO - Update row with Video_ID: 2_1f2pJm0OY
[2026-06-18T20:38:31.232+0000] {data_modification.py:80} INFO - Update row with Video_ID: 9-xwM0AmFhI
[2026-06-18T20:38:31.234+0000] {data_modification.py:80} INFO - Update row with Video_ID: h8Wc-Bw0npE
[2026-06-18T20:38:31.235+0000] {data_modification.py:80} INFO - Update row with Video_ID: IjncmlXWVP8
[2026-06-18T20:38:31.239+0000] {data_modification.py:80} INFO - Update row with Video_ID: 5b654JIoTrQ
[2026-06-18T20:38:31.241+0000] {data_modification.py:80} INFO - Update row with Video_ID: j-D1_vRmcwM
[2026-06-18T20:38:31.243+0000] {data_modification.py:80} INFO - Update row with Video_ID: RHdi868UIz4
[2026-06-18T20:38:31.245+0000] {data_modification.py:80} INFO - Update row with Video_ID: GLL-_WfJ_zw
[2026-06-18T20:38:31.246+0000] {data_modification.py:80} INFO - Update row with Video_ID: GdE6gM8Qsjs
[2026-06-18T20:38:31.248+0000] {data_modification.py:80} INFO - Update row with Video_ID: iMEcLzt-xMQ
[2026-06-18T20:38:31.250+0000] {data_modification.py:80} INFO - Update row with Video_ID: mFRqy3eKdBc
[2026-06-18T20:38:31.252+0000] {data_modification.py:80} INFO - Update row with Video_ID: E-FvWdf4Bac
[2026-06-18T20:38:31.254+0000] {data_modification.py:80} INFO - Update row with Video_ID: euZP_llYKiU
[2026-06-18T20:38:31.257+0000] {data_modification.py:80} INFO - Update row with Video_ID: pZJkxWepc50
[2026-06-18T20:38:31.259+0000] {data_modification.py:80} INFO - Update row with Video_ID: 77NMEvrkxmE
[2026-06-18T20:38:31.260+0000] {data_modification.py:80} INFO - Update row with Video_ID: T1p5fUmpRiQ
[2026-06-18T20:38:31.262+0000] {data_modification.py:80} INFO - Update row with Video_ID: CdNu492vIxc
[2026-06-18T20:38:31.264+0000] {data_modification.py:80} INFO - Update row with Video_ID: Z_7KC5GMeSw
[2026-06-18T20:38:31.266+0000] {data_modification.py:80} INFO - Update row with Video_ID: SHayDWcRFbU
[2026-06-18T20:38:31.267+0000] {data_modification.py:80} INFO - Update row with Video_ID: Jpg5TurWpMU
[2026-06-18T20:38:31.269+0000] {data_modification.py:80} INFO - Update row with Video_ID: llq9DPvSPY4
[2026-06-18T20:38:31.273+0000] {data_modification.py:80} INFO - Update row with Video_ID: sUoLQOMab0g
[2026-06-18T20:38:31.275+0000] {data_modification.py:80} INFO - Update row with Video_ID: cmfHR4BPaGI
[2026-06-18T20:38:31.277+0000] {data_modification.py:80} INFO - Update row with Video_ID: SU-17xhjKm8
[2026-06-18T20:38:31.278+0000] {data_modification.py:80} INFO - Update row with Video_ID: dPw8YEQzyM4
[2026-06-18T20:38:31.280+0000] {data_modification.py:80} INFO - Update row with Video_ID: fzpIDFHWo9E
[2026-06-18T20:38:31.282+0000] {data_modification.py:80} INFO - Update row with Video_ID: FUQExXnrEz0
[2026-06-18T20:38:31.284+0000] {data_modification.py:80} INFO - Update row with Video_ID: rEUagcqEvEY
[2026-06-18T20:38:31.285+0000] {data_modification.py:80} INFO - Update row with Video_ID: YMKe3IkXNjE
[2026-06-18T20:38:31.289+0000] {data_modification.py:80} INFO - Update row with Video_ID: QxmNtplIHyM
[2026-06-18T20:38:31.291+0000] {data_modification.py:80} INFO - Update row with Video_ID: 8oKQM_-wYfM
[2026-06-18T20:38:31.293+0000] {data_modification.py:80} INFO - Update row with Video_ID: 2KRzGrzzXUU
[2026-06-18T20:38:31.295+0000] {data_modification.py:80} INFO - Update row with Video_ID: jczM7EYfccc
[2026-06-18T20:38:31.297+0000] {data_modification.py:80} INFO - Update row with Video_ID: UW3MRuEOGqI
[2026-06-18T20:38:31.299+0000] {data_modification.py:80} INFO - Update row with Video_ID: SrDoLKtAJUA
[2026-06-18T20:38:31.301+0000] {data_modification.py:80} INFO - Update row with Video_ID: Zb0ZeGzpk1k
[2026-06-18T20:38:31.304+0000] {data_modification.py:80} INFO - Update row with Video_ID: SkF3n_ARoj4
[2026-06-18T20:38:31.307+0000] {data_modification.py:80} INFO - Update row with Video_ID: KFcRMjoOfZI
[2026-06-18T20:38:31.309+0000] {data_modification.py:80} INFO - Update row with Video_ID: _HkmkuMULig
[2026-06-18T20:38:31.311+0000] {data_modification.py:80} INFO - Update row with Video_ID: 5qNooNZUVvA
[2026-06-18T20:38:31.313+0000] {data_modification.py:80} INFO - Update row with Video_ID: _NVlS90gin8
[2026-06-18T20:38:31.315+0000] {data_modification.py:80} INFO - Update row with Video_ID: pZq4bUfJ-TI
[2026-06-18T20:38:31.316+0000] {data_modification.py:80} INFO - Update row with Video_ID: 8lU8-CLfQwk
[2026-06-18T20:38:31.318+0000] {data_modification.py:80} INFO - Update row with Video_ID: AVzxx4nIFmU
[2026-06-18T20:38:31.321+0000] {data_modification.py:80} INFO - Update row with Video_ID: seUdrl6ZFTM
[2026-06-18T20:38:31.324+0000] {data_modification.py:80} INFO - Update row with Video_ID: N5ZeSKCmous
[2026-06-18T20:38:31.326+0000] {data_modification.py:80} INFO - Update row with Video_ID: XVkvR3PT4Ks
[2026-06-18T20:38:31.328+0000] {data_modification.py:80} INFO - Update row with Video_ID: sFg7rJ0Fdxo
[2026-06-18T20:38:31.330+0000] {data_modification.py:80} INFO - Update row with Video_ID: EH6EoVz87z0
[2026-06-18T20:38:31.332+0000] {data_modification.py:80} INFO - Update row with Video_ID: 05mwK1rjy4A
[2026-06-18T20:38:31.334+0000] {data_modification.py:80} INFO - Update row with Video_ID: YNUcoSokh0E
[2026-06-18T20:38:31.335+0000] {data_modification.py:80} INFO - Update row with Video_ID: KNsHE54HBx8
[2026-06-18T20:38:31.339+0000] {data_modification.py:80} INFO - Update row with Video_ID: axSZMk2FIGo
[2026-06-18T20:38:31.341+0000] {data_modification.py:80} INFO - Update row with Video_ID: IqoYgQgi06o
[2026-06-18T20:38:31.343+0000] {data_modification.py:80} INFO - Update row with Video_ID: rZPzmv_biD4
[2026-06-18T20:38:31.345+0000] {data_modification.py:80} INFO - Update row with Video_ID: xTEU6XYSXp8
[2026-06-18T20:38:31.346+0000] {data_modification.py:80} INFO - Update row with Video_ID: a7B1i3H_KaQ
[2026-06-18T20:38:31.348+0000] {data_modification.py:80} INFO - Update row with Video_ID: YQovVis0MY4
[2026-06-18T20:38:31.350+0000] {data_modification.py:80} INFO - Update row with Video_ID: _6DRtykQmwc
[2026-06-18T20:38:31.351+0000] {data_modification.py:80} INFO - Update row with Video_ID: YInePVQRZdU
[2026-06-18T20:38:31.354+0000] {data_modification.py:80} INFO - Update row with Video_ID: 7dBALgmlDac
[2026-06-18T20:38:31.357+0000] {data_modification.py:80} INFO - Update row with Video_ID: mqfYNwAhmKY
[2026-06-18T20:38:31.359+0000] {data_modification.py:80} INFO - Update row with Video_ID: IGCizFQx8V0
[2026-06-18T20:38:31.361+0000] {data_modification.py:80} INFO - Update row with Video_ID: JTsyzCecK0o
[2026-06-18T20:38:31.363+0000] {data_modification.py:80} INFO - Update row with Video_ID: AtGwDbc5cTM
[2026-06-18T20:38:31.365+0000] {data_modification.py:80} INFO - Update row with Video_ID: ThkydFnzpKQ
[2026-06-18T20:38:31.366+0000] {data_modification.py:80} INFO - Update row with Video_ID: vBZ4ID6BjRo
[2026-06-18T20:38:31.368+0000] {data_modification.py:80} INFO - Update row with Video_ID: jcAvhjAjJ_0
[2026-06-18T20:38:31.370+0000] {data_modification.py:80} INFO - Update row with Video_ID: kSZISklt_SY
[2026-06-18T20:38:31.374+0000] {data_modification.py:80} INFO - Update row with Video_ID: uuWIdxsep9Q
[2026-06-18T20:38:31.376+0000] {data_modification.py:80} INFO - Update row with Video_ID: WMReXBfey2w
[2026-06-18T20:38:31.378+0000] {data_modification.py:80} INFO - Update row with Video_ID: pF-0PjKrqrc
[2026-06-18T20:38:31.380+0000] {data_modification.py:80} INFO - Update row with Video_ID: qEcl1_3v7UY
[2026-06-18T20:38:31.381+0000] {data_modification.py:80} INFO - Update row with Video_ID: rI2t1gL8AG8
[2026-06-18T20:38:31.383+0000] {data_modification.py:80} INFO - Update row with Video_ID: 6TmphgdgWsI
[2026-06-18T20:38:31.385+0000] {data_modification.py:80} INFO - Update row with Video_ID: 2IYHEPTmRkE
[2026-06-18T20:38:31.389+0000] {data_modification.py:80} INFO - Update row with Video_ID: vEvtP9mNb-g
[2026-06-18T20:38:31.391+0000] {data_modification.py:80} INFO - Update row with Video_ID: RZzACheJV1c
[2026-06-18T20:38:31.392+0000] {data_modification.py:80} INFO - Update row with Video_ID: ngEzKsvE7r8
[2026-06-18T20:38:31.394+0000] {data_modification.py:80} INFO - Update row with Video_ID: koCvMZcbkFo
[2026-06-18T20:38:31.396+0000] {data_modification.py:80} INFO - Update row with Video_ID: x411E2XNl6c
[2026-06-18T20:38:31.398+0000] {data_modification.py:80} INFO - Update row with Video_ID: EgSLgL9SZvw
[2026-06-18T20:38:31.400+0000] {data_modification.py:80} INFO - Update row with Video_ID: vbETu_bL-Sg
[2026-06-18T20:38:31.401+0000] {data_modification.py:80} INFO - Update row with Video_ID: aH55A4_rRD4
[2026-06-18T20:38:31.404+0000] {data_modification.py:80} INFO - Update row with Video_ID: G32CNcPfwJE
[2026-06-18T20:38:31.406+0000] {data_modification.py:80} INFO - Update row with Video_ID: 78XkGxroLx4
[2026-06-18T20:38:31.408+0000] {data_modification.py:80} INFO - Update row with Video_ID: _nDlhQgVLDU
[2026-06-18T20:38:31.410+0000] {data_modification.py:80} INFO - Update row with Video_ID: ncfotqWk3gA
[2026-06-18T20:38:31.412+0000] {data_modification.py:80} INFO - Update row with Video_ID: UBNe4Fb3u48
[2026-06-18T20:38:31.413+0000] {data_modification.py:80} INFO - Update row with Video_ID: KqVy5XBZEO8
[2026-06-18T20:38:31.415+0000] {data_modification.py:80} INFO - Update row with Video_ID: 15sOYRhGOkw
[2026-06-18T20:38:31.417+0000] {data_modification.py:80} INFO - Update row with Video_ID: MjtoQWUYPaA
[2026-06-18T20:38:31.418+0000] {data_modification.py:80} INFO - Update row with Video_ID: HpIZ6ybELjY
[2026-06-18T20:38:31.421+0000] {data_modification.py:80} INFO - Update row with Video_ID: yr_YMFpsuxE
[2026-06-18T20:38:31.423+0000] {data_modification.py:80} INFO - Update row with Video_ID: T-GVWlw-Ozs
[2026-06-18T20:38:31.425+0000] {data_modification.py:80} INFO - Update row with Video_ID: -_3k6Qg3LAo
[2026-06-18T20:38:31.427+0000] {data_modification.py:80} INFO - Update row with Video_ID: eXl_TK4XoYU
[2026-06-18T20:38:31.429+0000] {data_modification.py:80} INFO - Update row with Video_ID: PiaUVJ_lsaQ
[2026-06-18T20:38:31.431+0000] {data_modification.py:80} INFO - Update row with Video_ID: W_8osLoaKc4
[2026-06-18T20:38:31.433+0000] {data_modification.py:80} INFO - Update row with Video_ID: t0Uqr0dHbAQ
[2026-06-18T20:38:31.434+0000] {data_modification.py:80} INFO - Update row with Video_ID: XTeoRrSkPIY
[2026-06-18T20:38:31.436+0000] {data_modification.py:80} INFO - Update row with Video_ID: 3KRkSiTh_B4
[2026-06-18T20:38:31.439+0000] {data_modification.py:80} INFO - Update row with Video_ID: Zk7y5IVFu4c
[2026-06-18T20:38:31.442+0000] {data_modification.py:80} INFO - Update row with Video_ID: Nf6D936Qa34
[2026-06-18T20:38:31.443+0000] {data_modification.py:80} INFO - Update row with Video_ID: JXOsQfC071Y
[2026-06-18T20:38:31.445+0000] {data_modification.py:80} INFO - Update row with Video_ID: Hxv55263Kpo
[2026-06-18T20:38:31.447+0000] {data_modification.py:80} INFO - Update row with Video_ID: rB2gyJfkcxs
[2026-06-18T20:38:31.449+0000] {data_modification.py:80} INFO - Update row with Video_ID: Almgj9J8Kfs
[2026-06-18T20:38:31.451+0000] {data_modification.py:80} INFO - Update row with Video_ID: 2L9Mn3zOVj8
[2026-06-18T20:38:31.456+0000] {data_modification.py:80} INFO - Update row with Video_ID: n4C3XumWY5s
[2026-06-18T20:38:31.459+0000] {data_modification.py:80} INFO - Update row with Video_ID: 7fVip5WvcKY
[2026-06-18T20:38:31.462+0000] {data_modification.py:80} INFO - Update row with Video_ID: _v1IwzoQ_9Y
[2026-06-18T20:38:31.464+0000] {data_modification.py:80} INFO - Update row with Video_ID: 0XYLmmLi208
[2026-06-18T20:38:31.467+0000] {data_modification.py:80} INFO - Update row with Video_ID: 0mgt98DBlpc
[2026-06-18T20:38:31.470+0000] {data_modification.py:80} INFO - Update row with Video_ID: lU9XpBr0vOc
[2026-06-18T20:38:31.475+0000] {data_modification.py:80} INFO - Update row with Video_ID: wcJYreHENfA
[2026-06-18T20:38:31.477+0000] {data_modification.py:80} INFO - Update row with Video_ID: ihhVsPZ30_k
[2026-06-18T20:38:31.479+0000] {data_modification.py:80} INFO - Update row with Video_ID: AxGEE4UyJWE
[2026-06-18T20:38:31.481+0000] {data_modification.py:80} INFO - Update row with Video_ID: Khzpm5F85IM
[2026-06-18T20:38:31.483+0000] {data_modification.py:80} INFO - Update row with Video_ID: R-TwyTGm4zI
[2026-06-18T20:38:31.485+0000] {data_modification.py:80} INFO - Update row with Video_ID: 5uTeoVkiju8
[2026-06-18T20:38:31.487+0000] {data_modification.py:80} INFO - Update row with Video_ID: ro7NTPibHqo
[2026-06-18T20:38:31.490+0000] {data_modification.py:80} INFO - Update row with Video_ID: bq0YIJTXeB8
[2026-06-18T20:38:31.495+0000] {data_modification.py:80} INFO - Update row with Video_ID: 5GeM5OcQC3g
[2026-06-18T20:38:31.497+0000] {data_modification.py:80} INFO - Update row with Video_ID: 4haHW0xKKzg
[2026-06-18T20:38:31.500+0000] {data_modification.py:80} INFO - Update row with Video_ID: iFW6jfuTwNk
[2026-06-18T20:38:31.503+0000] {data_modification.py:80} INFO - Update row with Video_ID: zxCRqnGNT3o
[2026-06-18T20:38:31.525+0000] {data_modification.py:80} INFO - Update row with Video_ID: cQkozX1Quy4
[2026-06-18T20:38:31.527+0000] {data_modification.py:80} INFO - Update row with Video_ID: cCrBxpgl428
[2026-06-18T20:38:31.530+0000] {data_modification.py:80} INFO - Update row with Video_ID: R4gHAp0B3jk
[2026-06-18T20:38:31.532+0000] {data_modification.py:80} INFO - Update row with Video_ID: AWS3aV_tiVg
[2026-06-18T20:38:31.534+0000] {data_modification.py:80} INFO - Update row with Video_ID: rh0lcOabF7k
[2026-06-18T20:38:31.537+0000] {data_modification.py:80} INFO - Update row with Video_ID: cKEM3iwMCv0
[2026-06-18T20:38:31.540+0000] {data_modification.py:80} INFO - Update row with Video_ID: OldbMNIvsH4
[2026-06-18T20:38:31.542+0000] {data_modification.py:80} INFO - Update row with Video_ID: wp_3RSt6LrU
[2026-06-18T20:38:31.546+0000] {data_modification.py:80} INFO - Update row with Video_ID: Zj-J1Y7nJFw
[2026-06-18T20:38:31.549+0000] {data_modification.py:80} INFO - Update row with Video_ID: maTIjz58dFM
[2026-06-18T20:38:31.551+0000] {data_modification.py:80} INFO - Update row with Video_ID: 84EeQ4EDF80
[2026-06-18T20:38:31.553+0000] {data_modification.py:80} INFO - Update row with Video_ID: _J6odeLT1vk
[2026-06-18T20:38:31.555+0000] {data_modification.py:80} INFO - Update row with Video_ID: RICBQ-QJ-M4
[2026-06-18T20:38:31.557+0000] {data_modification.py:80} INFO - Update row with Video_ID: YAbH3CRZJGA
[2026-06-18T20:38:31.559+0000] {data_modification.py:80} INFO - Update row with Video_ID: q4fYuOWTQLk
[2026-06-18T20:38:31.561+0000] {data_modification.py:80} INFO - Update row with Video_ID: jv0yOn-rOEc
[2026-06-18T20:38:31.563+0000] {data_modification.py:80} INFO - Update row with Video_ID: bbOXerlSDNY
[2026-06-18T20:38:31.564+0000] {data_modification.py:80} INFO - Update row with Video_ID: Vw4_j83OnRA
[2026-06-18T20:38:31.566+0000] {data_modification.py:80} INFO - Update row with Video_ID: Du1iO9yTwug
[2026-06-18T20:38:31.568+0000] {data_modification.py:80} INFO - Update row with Video_ID: DtI2W2HsHiI
[2026-06-18T20:38:31.570+0000] {data_modification.py:80} INFO - Update row with Video_ID: WPDpC2-uBm0
[2026-06-18T20:38:31.572+0000] {data_modification.py:80} INFO - Update row with Video_ID: tyCFbx-eY3w
[2026-06-18T20:38:31.574+0000] {data_modification.py:80} INFO - Update row with Video_ID: UNMsfqj1yf0
[2026-06-18T20:38:31.576+0000] {data_modification.py:80} INFO - Update row with Video_ID: i2CDlscRv_k
[2026-06-18T20:38:31.577+0000] {data_modification.py:80} INFO - Update row with Video_ID: gsnYjlsd1t0
[2026-06-18T20:38:31.579+0000] {data_modification.py:80} INFO - Update row with Video_ID: PwPS4q1LxqM
[2026-06-18T20:38:31.581+0000] {data_modification.py:80} INFO - Update row with Video_ID: crWFywux3Nw
[2026-06-18T20:38:31.583+0000] {data_modification.py:80} INFO - Update row with Video_ID: 6OX68brG8xQ
[2026-06-18T20:38:31.585+0000] {data_modification.py:80} INFO - Update row with Video_ID: iyJQiHqWj8g
[2026-06-18T20:38:31.587+0000] {data_modification.py:80} INFO - Update row with Video_ID: n_4xv3RdjEE
[2026-06-18T20:38:31.589+0000] {data_modification.py:80} INFO - Update row with Video_ID: xz4YcZ_Nm6A
[2026-06-18T20:38:31.592+0000] {data_modification.py:80} INFO - Update row with Video_ID: zI2Zc3PMYbU
[2026-06-18T20:38:31.593+0000] {data_modification.py:80} INFO - Update row with Video_ID: o3IJszXJjJ0
[2026-06-18T20:38:31.595+0000] {data_modification.py:80} INFO - Update row with Video_ID: XajOqLJe22s
[2026-06-18T20:38:31.597+0000] {data_modification.py:80} INFO - Update row with Video_ID: 0UEAf6Q-Jlo
[2026-06-18T20:38:31.599+0000] {data_modification.py:80} INFO - Update row with Video_ID: T9sno-RDdeI
[2026-06-18T20:38:31.601+0000] {data_modification.py:80} INFO - Update row with Video_ID: rOUdZFvoAMQ
[2026-06-18T20:38:31.603+0000] {data_modification.py:80} INFO - Update row with Video_ID: jotxkWjxC-0
[2026-06-18T20:38:31.606+0000] {data_modification.py:80} INFO - Update row with Video_ID: 8Ov71reLdTU
[2026-06-18T20:38:31.608+0000] {data_modification.py:80} INFO - Update row with Video_ID: bJvUm64lHGg
[2026-06-18T20:38:31.610+0000] {data_modification.py:80} INFO - Update row with Video_ID: vMqiYBMEWsk
[2026-06-18T20:38:31.612+0000] {data_modification.py:80} INFO - Update row with Video_ID: fHtq7H0lY3U
[2026-06-18T20:38:31.614+0000] {data_modification.py:80} INFO - Update row with Video_ID: isIrCSQtij4
[2026-06-18T20:38:31.615+0000] {data_modification.py:80} INFO - Update row with Video_ID: ksrr94nRRYw
[2026-06-18T20:38:31.617+0000] {data_modification.py:80} INFO - Update row with Video_ID: NsY92_Sukeo
[2026-06-18T20:38:31.619+0000] {data_modification.py:80} INFO - Update row with Video_ID: 3YKUlbyIlV0
[2026-06-18T20:38:31.622+0000] {data_modification.py:80} INFO - Update row with Video_ID: fqe4laawEIQ
[2026-06-18T20:38:31.625+0000] {data_modification.py:80} INFO - Update row with Video_ID: SKAHogInzlc
[2026-06-18T20:38:31.628+0000] {data_modification.py:80} INFO - Update row with Video_ID: 2pdIEqEbi98
[2026-06-18T20:38:31.630+0000] {data_modification.py:80} INFO - Update row with Video_ID: XUh5w3q6HG0
[2026-06-18T20:38:31.632+0000] {data_modification.py:80} INFO - Update row with Video_ID: cUxfeMgGiA8
[2026-06-18T20:38:31.634+0000] {data_modification.py:80} INFO - Update row with Video_ID: bG-GTjwi4bo
[2026-06-18T20:38:31.635+0000] {data_modification.py:80} INFO - Update row with Video_ID: TdjsXrqjl4g
[2026-06-18T20:38:31.638+0000] {data_modification.py:80} INFO - Update row with Video_ID: edyZRvsyRxA
[2026-06-18T20:38:31.641+0000] {data_modification.py:80} INFO - Update row with Video_ID: EybhQD4QTrg
[2026-06-18T20:38:31.643+0000] {data_modification.py:80} INFO - Update row with Video_ID: 23jmsFCic_g
[2026-06-18T20:38:31.650+0000] {data_modification.py:80} INFO - Update row with Video_ID: nneRZH8_qp0
[2026-06-18T20:38:31.653+0000] {data_modification.py:80} INFO - Update row with Video_ID: Dsi7EnTCU_w
[2026-06-18T20:38:31.656+0000] {data_modification.py:80} INFO - Update row with Video_ID: lRwULaaL3X8
[2026-06-18T20:38:31.658+0000] {data_modification.py:80} INFO - Update row with Video_ID: kLUtJVUAqwc
[2026-06-18T20:38:31.660+0000] {data_modification.py:80} INFO - Update row with Video_ID: QJYSglrATJE
[2026-06-18T20:38:31.662+0000] {data_modification.py:80} INFO - Update row with Video_ID: mwjGYAmrqMQ
[2026-06-18T20:38:31.664+0000] {data_modification.py:80} INFO - Update row with Video_ID: ObzT9Suohwo
[2026-06-18T20:38:31.666+0000] {data_modification.py:80} INFO - Update row with Video_ID: 8ao51FM0frc
[2026-06-18T20:38:31.668+0000] {data_modification.py:80} INFO - Update row with Video_ID: jGEYH3TyRzM
[2026-06-18T20:38:31.670+0000] {data_modification.py:80} INFO - Update row with Video_ID: XmEJ1FH8X9g
[2026-06-18T20:38:31.673+0000] {data_modification.py:80} INFO - Update row with Video_ID: Q0K4apOQ2xs
[2026-06-18T20:38:31.675+0000] {data_modification.py:80} INFO - Update row with Video_ID: 3z3xLhexAnA
[2026-06-18T20:38:31.677+0000] {data_modification.py:80} INFO - Update row with Video_ID: cMnqbHt_i0M
[2026-06-18T20:38:31.678+0000] {data_modification.py:80} INFO - Update row with Video_ID: yO8GIao_EFc
[2026-06-18T20:38:31.680+0000] {data_modification.py:80} INFO - Update row with Video_ID: cHWn0YiD29Y
[2026-06-18T20:38:31.682+0000] {data_modification.py:80} INFO - Update row with Video_ID: pgjJ5ojQHbI
[2026-06-18T20:38:31.684+0000] {data_modification.py:80} INFO - Update row with Video_ID: 4OCUZ6Hh05E
[2026-06-18T20:38:31.686+0000] {data_modification.py:80} INFO - Update row with Video_ID: URNAUwQz_zI
[2026-06-18T20:38:31.690+0000] {data_modification.py:80} INFO - Update row with Video_ID: 6yechKhX4MM
[2026-06-18T20:38:31.692+0000] {data_modification.py:80} INFO - Update row with Video_ID: rl4vdMLIdGw
[2026-06-18T20:38:31.695+0000] {data_modification.py:80} INFO - Update row with Video_ID: Fs8pJWdw838
[2026-06-18T20:38:31.697+0000] {data_modification.py:80} INFO - Update row with Video_ID: BlmKD1ERWuA
[2026-06-18T20:38:31.700+0000] {data_modification.py:80} INFO - Update row with Video_ID: h3R2GIRJmnI
[2026-06-18T20:38:31.702+0000] {data_modification.py:80} INFO - Update row with Video_ID: V5-Rh-PwmmE
[2026-06-18T20:38:31.705+0000] {data_modification.py:80} INFO - Update row with Video_ID: AngP2U45g0Q
[2026-06-18T20:38:31.707+0000] {data_modification.py:80} INFO - Update row with Video_ID: Xor4meSpbWE
[2026-06-18T20:38:31.710+0000] {data_modification.py:80} INFO - Update row with Video_ID: sp2jrtcQbnw
[2026-06-18T20:38:31.712+0000] {data_modification.py:80} INFO - Update row with Video_ID: Wegv6E19HKQ
[2026-06-18T20:38:31.715+0000] {data_modification.py:80} INFO - Update row with Video_ID: ycg-Br_jPwM
[2026-06-18T20:38:31.717+0000] {data_modification.py:80} INFO - Update row with Video_ID: dUzSSfP6quA
[2026-06-18T20:38:31.720+0000] {data_modification.py:80} INFO - Update row with Video_ID: 4MyJ6opKgVA
[2026-06-18T20:38:31.723+0000] {data_modification.py:80} INFO - Update row with Video_ID: nzhxKy6yhfg
[2026-06-18T20:38:31.725+0000] {data_modification.py:80} INFO - Update row with Video_ID: R0teiLqAv6k
[2026-06-18T20:38:31.728+0000] {data_modification.py:80} INFO - Update row with Video_ID: gT_QqS01kLU
[2026-06-18T20:38:31.730+0000] {data_modification.py:80} INFO - Update row with Video_ID: yeimc-EennM
[2026-06-18T20:38:31.732+0000] {data_modification.py:80} INFO - Update row with Video_ID: HNnreinWYNo
[2026-06-18T20:38:31.734+0000] {data_modification.py:80} INFO - Update row with Video_ID: Zh6bPjIahP8
[2026-06-18T20:38:31.737+0000] {data_modification.py:80} INFO - Update row with Video_ID: 7mffKyC6oMU
[2026-06-18T20:38:31.740+0000] {data_modification.py:80} INFO - Update row with Video_ID: 1ZTkoOazGOI
[2026-06-18T20:38:31.742+0000] {data_modification.py:80} INFO - Update row with Video_ID: D3p9qUAPLgc
[2026-06-18T20:38:31.745+0000] {data_modification.py:80} INFO - Update row with Video_ID: HvV_tvEQ3oM
[2026-06-18T20:38:31.747+0000] {data_modification.py:80} INFO - Update row with Video_ID: 5JxhtJaXKhU
[2026-06-18T20:38:31.749+0000] {data_modification.py:80} INFO - Update row with Video_ID: SRKQZhfPleU
[2026-06-18T20:38:31.751+0000] {data_modification.py:80} INFO - Update row with Video_ID: h4Z5fg9b3RU
[2026-06-18T20:38:31.753+0000] {data_modification.py:80} INFO - Update row with Video_ID: agFECnZL7CA
[2026-06-18T20:38:31.756+0000] {data_modification.py:80} INFO - Update row with Video_ID: x8b1hPUzSVM
[2026-06-18T20:38:31.758+0000] {data_modification.py:80} INFO - Update row with Video_ID: wQRUvaKYN_E
[2026-06-18T20:38:31.760+0000] {data_modification.py:80} INFO - Update row with Video_ID: GCVT2IdLfvY
[2026-06-18T20:38:31.762+0000] {data_modification.py:80} INFO - Update row with Video_ID: q27_-DgAOt0
[2026-06-18T20:38:31.764+0000] {data_modification.py:80} INFO - Update row with Video_ID: bVCuue3uRfA
[2026-06-18T20:38:31.766+0000] {data_modification.py:80} INFO - Update row with Video_ID: RXtGlHiKStI
[2026-06-18T20:38:31.769+0000] {data_modification.py:80} INFO - Update row with Video_ID: 6-lkZu0MAa4
[2026-06-18T20:38:31.772+0000] {data_modification.py:80} INFO - Update row with Video_ID: N4fr3tOWGo8
[2026-06-18T20:38:31.775+0000] {data_modification.py:80} INFO - Update row with Video_ID: dtzic4GB-E4
[2026-06-18T20:38:31.778+0000] {data_modification.py:80} INFO - Update row with Video_ID: n2WpihW5ut4
[2026-06-18T20:38:31.780+0000] {data_modification.py:80} INFO - Update row with Video_ID: 2livlT-LA7s
[2026-06-18T20:38:31.782+0000] {data_modification.py:80} INFO - Update row with Video_ID: wDHgskuijXQ
[2026-06-18T20:38:31.784+0000] {data_modification.py:80} INFO - Update row with Video_ID: r710FrbQkIo
[2026-06-18T20:38:31.786+0000] {data_modification.py:80} INFO - Update row with Video_ID: hIEnudtbRew
[2026-06-18T20:38:31.789+0000] {data_modification.py:80} INFO - Update row with Video_ID: VRsh2TKNOj0
[2026-06-18T20:38:31.791+0000] {data_modification.py:80} INFO - Update row with Video_ID: 0sNrMNygLOk
[2026-06-18T20:38:31.793+0000] {data_modification.py:80} INFO - Update row with Video_ID: GvBMmhQzgUM
[2026-06-18T20:38:31.794+0000] {data_modification.py:80} INFO - Update row with Video_ID: nIWsyobgF9U
[2026-06-18T20:38:31.796+0000] {data_modification.py:80} INFO - Update row with Video_ID: yOZk8bMxHrk
[2026-06-18T20:38:31.798+0000] {data_modification.py:80} INFO - Update row with Video_ID: YFhP-M7Sjag
[2026-06-18T20:38:31.799+0000] {data_modification.py:80} INFO - Update row with Video_ID: Ac_9bOwMRYA
[2026-06-18T20:38:31.801+0000] {data_modification.py:80} INFO - Update row with Video_ID: pHPxXjgUuuM
[2026-06-18T20:38:31.803+0000] {data_modification.py:80} INFO - Update row with Video_ID: it2qlldfcNA
[2026-06-18T20:38:31.805+0000] {data_modification.py:80} INFO - Update row with Video_ID: ynfVtsMPA78
[2026-06-18T20:38:31.807+0000] {data_modification.py:80} INFO - Update row with Video_ID: zQnJXv_a9Qc
[2026-06-18T20:38:31.809+0000] {data_modification.py:80} INFO - Update row with Video_ID: Jj_A2_D9ceE
[2026-06-18T20:38:31.811+0000] {data_modification.py:80} INFO - Update row with Video_ID: xSw37NTs9i0
[2026-06-18T20:38:31.813+0000] {data_modification.py:80} INFO - Update row with Video_ID: V2qYkn2ApEE
[2026-06-18T20:38:31.814+0000] {data_modification.py:80} INFO - Update row with Video_ID: oU7ROT0OzyI
[2026-06-18T20:38:31.816+0000] {data_modification.py:80} INFO - Update row with Video_ID: GEutwx-nOKo
[2026-06-18T20:38:31.818+0000] {data_modification.py:80} INFO - Update row with Video_ID: ALnkFbJhhU8
[2026-06-18T20:38:31.820+0000] {data_modification.py:80} INFO - Update row with Video_ID: bViT84dWNEA
[2026-06-18T20:38:31.822+0000] {data_modification.py:80} INFO - Update row with Video_ID: sWOny0eW6wo
[2026-06-18T20:38:31.824+0000] {data_modification.py:80} INFO - Update row with Video_ID: B7BY6DPY0Fw
[2026-06-18T20:38:31.826+0000] {data_modification.py:80} INFO - Update row with Video_ID: Y69GdjNOjwQ
[2026-06-18T20:38:31.828+0000] {data_modification.py:80} INFO - Update row with Video_ID: MqpJNxQZ_Uw
[2026-06-18T20:38:31.829+0000] {data_modification.py:80} INFO - Update row with Video_ID: ePWNWksyXWs
[2026-06-18T20:38:31.831+0000] {data_modification.py:80} INFO - Update row with Video_ID: xunUv7zLAhM
[2026-06-18T20:38:31.833+0000] {data_modification.py:80} INFO - Update row with Video_ID: OxGO4sIVxnw
[2026-06-18T20:38:31.834+0000] {data_modification.py:80} INFO - Update row with Video_ID: u--iwmDX0WI
[2026-06-18T20:38:31.836+0000] {data_modification.py:80} INFO - Update row with Video_ID: LF6RoAFPtDI
[2026-06-18T20:38:31.839+0000] {data_modification.py:80} INFO - Update row with Video_ID: Zf1Fb19zKk8
[2026-06-18T20:38:31.841+0000] {data_modification.py:80} INFO - Update row with Video_ID: t1Yr8ZaJcrM
[2026-06-18T20:38:31.843+0000] {data_modification.py:80} INFO - Update row with Video_ID: IkCeljp50xk
[2026-06-18T20:38:31.845+0000] {data_modification.py:80} INFO - Update row with Video_ID: bQP2WmiGAnw
[2026-06-18T20:38:31.847+0000] {data_modification.py:80} INFO - Update row with Video_ID: CTCyylTcUvY
[2026-06-18T20:38:31.848+0000] {data_modification.py:80} INFO - Update row with Video_ID: Mule946clTY
[2026-06-18T20:38:31.850+0000] {data_modification.py:80} INFO - Update row with Video_ID: 5KeI9d2npGk
[2026-06-18T20:38:31.852+0000] {data_modification.py:80} INFO - Update row with Video_ID: m6vl08qgi0U
[2026-06-18T20:38:31.854+0000] {data_modification.py:80} INFO - Update row with Video_ID: U5tUdteCmFY
[2026-06-18T20:38:31.856+0000] {data_modification.py:80} INFO - Update row with Video_ID: KF4Ou0Za7Fg
[2026-06-18T20:38:31.858+0000] {data_modification.py:80} INFO - Update row with Video_ID: CL2TvrOKvI4
[2026-06-18T20:38:31.859+0000] {data_modification.py:80} INFO - Update row with Video_ID: Eb9bjYtJ5xM
[2026-06-18T20:38:31.861+0000] {data_modification.py:80} INFO - Update row with Video_ID: mc5kc3bC2X0
[2026-06-18T20:38:31.863+0000] {data_modification.py:80} INFO - Update row with Video_ID: bWFPAYqoXc4
[2026-06-18T20:38:31.865+0000] {data_modification.py:80} INFO - Update row with Video_ID: 50riNBDDYRQ
[2026-06-18T20:38:31.866+0000] {data_modification.py:80} INFO - Update row with Video_ID: nfHgpVO_sfE
[2026-06-18T20:38:31.873+0000] {data_modification.py:80} INFO - Update row with Video_ID: -HRLCFn03jU
[2026-06-18T20:38:31.875+0000] {data_modification.py:80} INFO - Update row with Video_ID: f2yPghwugVQ
[2026-06-18T20:38:31.876+0000] {data_modification.py:80} INFO - Update row with Video_ID: KxwSgNaFkYw
[2026-06-18T20:38:31.878+0000] {data_modification.py:80} INFO - Update row with Video_ID: afjBfviC2EM
[2026-06-18T20:38:31.880+0000] {data_modification.py:80} INFO - Update row with Video_ID: BQnIvHv6WFg
[2026-06-18T20:38:31.882+0000] {data_modification.py:80} INFO - Update row with Video_ID: H2xFXkjEKCA
[2026-06-18T20:38:31.883+0000] {data_modification.py:80} INFO - Update row with Video_ID: Q1-h1BWxaac
[2026-06-18T20:38:31.885+0000] {data_modification.py:80} INFO - Update row with Video_ID: rgdLUK8Otcs
[2026-06-18T20:38:31.887+0000] {data_modification.py:80} INFO - Update row with Video_ID: Q2XrJtcAKm4
[2026-06-18T20:38:31.890+0000] {data_modification.py:80} INFO - Update row with Video_ID: 5QxvEC1HthU
[2026-06-18T20:38:31.891+0000] {data_modification.py:80} INFO - Update row with Video_ID: sxGN0qjHSEU
[2026-06-18T20:38:31.893+0000] {data_modification.py:80} INFO - Update row with Video_ID: QOhTYjSuy_Q
[2026-06-18T20:38:31.895+0000] {data_modification.py:80} INFO - Update row with Video_ID: e1pYSsQZvbY
[2026-06-18T20:38:31.897+0000] {data_modification.py:80} INFO - Update row with Video_ID: 75Byny5uoLI
[2026-06-18T20:38:31.898+0000] {data_modification.py:80} INFO - Update row with Video_ID: wqAePF4_XSw
[2026-06-18T20:38:31.900+0000] {data_modification.py:80} INFO - Update row with Video_ID: vaUnmCosrns
[2026-06-18T20:38:31.902+0000] {data_modification.py:80} INFO - Update row with Video_ID: QaSag8lJQog
[2026-06-18T20:38:31.905+0000] {data_modification.py:80} INFO - Update row with Video_ID: Hc3f3WAVXBI
[2026-06-18T20:38:31.908+0000] {data_modification.py:80} INFO - Update row with Video_ID: uiPh7ac8yRY
[2026-06-18T20:38:31.910+0000] {data_modification.py:80} INFO - Update row with Video_ID: 09c-bBqGRaI
[2026-06-18T20:38:31.912+0000] {data_modification.py:80} INFO - Update row with Video_ID: BYYXSRTwK40
[2026-06-18T20:38:31.914+0000] {data_modification.py:80} INFO - Update row with Video_ID: 44IevmXxcJk
[2026-06-18T20:38:31.916+0000] {data_modification.py:80} INFO - Update row with Video_ID: Oyd7FIZAv9I
[2026-06-18T20:38:31.918+0000] {data_modification.py:80} INFO - Update row with Video_ID: vGRhjeLX7uY
[2026-06-18T20:38:31.921+0000] {data_modification.py:80} INFO - Update row with Video_ID: nizy-6Ci77Y
[2026-06-18T20:38:31.923+0000] {data_modification.py:80} INFO - Update row with Video_ID: jahc7G5QIgA
[2026-06-18T20:38:31.925+0000] {data_modification.py:80} INFO - Update row with Video_ID: dC0DnRoSlWI
[2026-06-18T20:38:31.926+0000] {data_modification.py:80} INFO - Update row with Video_ID: QXwoZ5aZraE
[2026-06-18T20:38:31.928+0000] {data_modification.py:80} INFO - Update row with Video_ID: 6QhefwEUHnU
[2026-06-18T20:38:31.930+0000] {data_modification.py:80} INFO - Update row with Video_ID: hb3M5QrDGRc
[2026-06-18T20:38:31.932+0000] {data_modification.py:80} INFO - Update row with Video_ID: xXq2IcLJ6FA
[2026-06-18T20:38:31.934+0000] {data_modification.py:80} INFO - Update row with Video_ID: IykEHPAk44c
[2026-06-18T20:38:31.936+0000] {data_modification.py:80} INFO - Update row with Video_ID: S4fF1h0AubM
[2026-06-18T20:38:31.938+0000] {data_modification.py:80} INFO - Update row with Video_ID: IRBgaz_wCRI
[2026-06-18T20:38:31.940+0000] {data_modification.py:80} INFO - Update row with Video_ID: w3sDsbBPrcE
[2026-06-18T20:38:31.942+0000] {data_modification.py:80} INFO - Update row with Video_ID: HHtqCu_ct9s
[2026-06-18T20:38:31.944+0000] {data_modification.py:80} INFO - Update row with Video_ID: i1eiA8pk-UQ
[2026-06-18T20:38:31.946+0000] {data_modification.py:80} INFO - Update row with Video_ID: 6w4_1DOcnKw
[2026-06-18T20:38:31.948+0000] {data_modification.py:80} INFO - Update row with Video_ID: 2BBWeVX24TU
[2026-06-18T20:38:31.950+0000] {data_modification.py:80} INFO - Update row with Video_ID: 5f59yKVDhJ8
[2026-06-18T20:38:31.952+0000] {data_modification.py:80} INFO - Update row with Video_ID: cH5PErwG1U8
[2026-06-18T20:38:31.955+0000] {data_modification.py:80} INFO - Update row with Video_ID: KqNds9A8rbE
[2026-06-18T20:38:31.957+0000] {data_modification.py:80} INFO - Update row with Video_ID: otckBwNDNIs
[2026-06-18T20:38:31.959+0000] {data_modification.py:80} INFO - Update row with Video_ID: KZkSIHAmEng
[2026-06-18T20:38:31.961+0000] {data_modification.py:80} INFO - Update row with Video_ID: 66oJn10t5Z8
[2026-06-18T20:38:31.963+0000] {data_modification.py:80} INFO - Update row with Video_ID: 3Oerwi3sN40
[2026-06-18T20:38:31.965+0000] {data_modification.py:80} INFO - Update row with Video_ID: uqNjeWonCwU
[2026-06-18T20:38:31.967+0000] {data_modification.py:80} INFO - Update row with Video_ID: H8mUEEl0psg
[2026-06-18T20:38:31.970+0000] {data_modification.py:80} INFO - Update row with Video_ID: bsAogPl27ko
[2026-06-18T20:38:31.972+0000] {data_modification.py:80} INFO - Update row with Video_ID: y2pdxeklGdE
[2026-06-18T20:38:31.975+0000] {data_modification.py:80} INFO - Update row with Video_ID: zLYnpHf76QY
[2026-06-18T20:38:31.977+0000] {data_modification.py:80} INFO - Update row with Video_ID: QwUYgygCY3M
[2026-06-18T20:38:31.980+0000] {data_modification.py:80} INFO - Update row with Video_ID: EN5SsaDaxp8
[2026-06-18T20:38:31.981+0000] {data_modification.py:80} INFO - Update row with Video_ID: cBlTgcFpg-8
[2026-06-18T20:38:31.984+0000] {data_modification.py:80} INFO - Update row with Video_ID: twgxcRvjMQw
[2026-06-18T20:38:31.986+0000] {data_modification.py:80} INFO - Update row with Video_ID: 8G6mzjd51mk
[2026-06-18T20:38:31.989+0000] {data_modification.py:80} INFO - Update row with Video_ID: G0IBfpYaq1g
[2026-06-18T20:38:31.991+0000] {data_modification.py:80} INFO - Update row with Video_ID: 6Hm3Nyd6VfU
[2026-06-18T20:38:31.993+0000] {data_modification.py:80} INFO - Update row with Video_ID: saKIWJwvo3w
[2026-06-18T20:38:31.995+0000] {data_modification.py:80} INFO - Update row with Video_ID: IItp0J_o_5o
[2026-06-18T20:38:31.997+0000] {data_modification.py:80} INFO - Update row with Video_ID: t97NuYebRf0
[2026-06-18T20:38:31.999+0000] {data_modification.py:80} INFO - Update row with Video_ID: QJdvwUcrJ_0
[2026-06-18T20:38:32.002+0000] {data_modification.py:80} INFO - Update row with Video_ID: YOzI8vlBQOo
[2026-06-18T20:38:32.004+0000] {data_modification.py:80} INFO - Update row with Video_ID: jU-1cXGgrvs
[2026-06-18T20:38:32.006+0000] {data_modification.py:80} INFO - Update row with Video_ID: OyHLmR-_5Io
[2026-06-18T20:38:32.009+0000] {data_modification.py:80} INFO - Update row with Video_ID: DJ0rKecVoPc
[2026-06-18T20:38:32.010+0000] {data_modification.py:80} INFO - Update row with Video_ID: hlW73X7fHpg
[2026-06-18T20:38:32.012+0000] {data_modification.py:80} INFO - Update row with Video_ID: QByj5upZs8M
[2026-06-18T20:38:32.015+0000] {data_modification.py:80} INFO - Update row with Video_ID: PgFOAOmIevI
[2026-06-18T20:38:32.016+0000] {data_modification.py:80} INFO - Update row with Video_ID: zc7mm7iEnBo
[2026-06-18T20:38:32.018+0000] {data_modification.py:80} INFO - Update row with Video_ID: gWmjNQeCf6o
[2026-06-18T20:38:32.021+0000] {data_modification.py:80} INFO - Update row with Video_ID: AvDjF3KJHZw
[2026-06-18T20:38:32.023+0000] {data_modification.py:80} INFO - Update row with Video_ID: -gHCoD_nLrY
[2026-06-18T20:38:32.025+0000] {data_modification.py:80} INFO - Update row with Video_ID: 2kmHNLSPn5M
[2026-06-18T20:38:32.028+0000] {data_modification.py:80} INFO - Update row with Video_ID: CQKcAgDK8RU
[2026-06-18T20:38:32.030+0000] {data_modification.py:80} INFO - Update row with Video_ID: hEqdr1ckV_Q
[2026-06-18T20:38:32.032+0000] {data_modification.py:80} INFO - Update row with Video_ID: V9OYXkVMV1g
[2026-06-18T20:38:32.034+0000] {data_modification.py:80} INFO - Update row with Video_ID: VxpGdvjQyyg
[2026-06-18T20:38:32.035+0000] {data_modification.py:80} INFO - Update row with Video_ID: 0w7P2So8cNs
[2026-06-18T20:38:32.038+0000] {data_modification.py:80} INFO - Update row with Video_ID: 4ejojKE42yc
[2026-06-18T20:38:32.041+0000] {data_modification.py:80} INFO - Update row with Video_ID: 8rRsvH_xL9E
[2026-06-18T20:38:32.043+0000] {data_modification.py:80} INFO - Update row with Video_ID: OKBrp_COVsU
[2026-06-18T20:38:32.045+0000] {data_modification.py:80} INFO - Update row with Video_ID: z46a5nD2d1w
[2026-06-18T20:38:32.047+0000] {data_modification.py:80} INFO - Update row with Video_ID: 5gIWjeu6dLA
[2026-06-18T20:38:32.050+0000] {data_modification.py:80} INFO - Update row with Video_ID: BbUtWX1_kEY
[2026-06-18T20:38:32.052+0000] {data_modification.py:80} INFO - Update row with Video_ID: 0myNAHD61D4
[2026-06-18T20:38:32.054+0000] {data_modification.py:80} INFO - Update row with Video_ID: YDar_JZOXvY
[2026-06-18T20:38:32.057+0000] {data_modification.py:80} INFO - Update row with Video_ID: JIo-JK6ieKg
[2026-06-18T20:38:32.059+0000] {data_modification.py:80} INFO - Update row with Video_ID: o23eNW1freA
[2026-06-18T20:38:32.062+0000] {data_modification.py:80} INFO - Update row with Video_ID: kirYASNfGaA
[2026-06-18T20:38:32.065+0000] {data_modification.py:80} INFO - Update row with Video_ID: GV-5nvI_kXg
[2026-06-18T20:38:32.067+0000] {data_modification.py:80} INFO - Update row with Video_ID: Chg3vcBFt3w
[2026-06-18T20:38:32.069+0000] {data_modification.py:80} INFO - Update row with Video_ID: n0qq81iLO9s
[2026-06-18T20:38:32.072+0000] {data_modification.py:80} INFO - Update row with Video_ID: N546afDpK8k
[2026-06-18T20:38:32.075+0000] {data_modification.py:80} INFO - Update row with Video_ID: 3It19kKkrRM
[2026-06-18T20:38:32.077+0000] {data_modification.py:80} INFO - Update row with Video_ID: daSy7vCyJkY
[2026-06-18T20:38:32.079+0000] {data_modification.py:80} INFO - Update row with Video_ID: vd_GkW9tg9I
[2026-06-18T20:38:32.081+0000] {data_modification.py:80} INFO - Update row with Video_ID: 9dqIbwLAwa0
[2026-06-18T20:38:32.083+0000] {data_modification.py:80} INFO - Update row with Video_ID: VuU25wl1Lbw
[2026-06-18T20:38:32.085+0000] {data_modification.py:80} INFO - Update row with Video_ID: -HfXFKSvCF0
[2026-06-18T20:38:32.088+0000] {data_modification.py:80} INFO - Update row with Video_ID: XpQgIVZV4ZQ
[2026-06-18T20:38:32.090+0000] {data_modification.py:80} INFO - Update row with Video_ID: WAgGmEe4il0
[2026-06-18T20:38:32.092+0000] {data_modification.py:80} INFO - Update row with Video_ID: N4oyufRaCUI
[2026-06-18T20:38:32.095+0000] {data_modification.py:80} INFO - Update row with Video_ID: 7v2aSrE35gE
[2026-06-18T20:38:32.097+0000] {data_modification.py:80} INFO - Update row with Video_ID: IZk16t4ZcvA
[2026-06-18T20:38:32.099+0000] {data_modification.py:80} INFO - Update row with Video_ID: o7wzoQfRNYQ
[2026-06-18T20:38:32.102+0000] {data_modification.py:80} INFO - Update row with Video_ID: fUZ8DfS5zvw
[2026-06-18T20:38:32.104+0000] {data_modification.py:80} INFO - Update row with Video_ID: h4x5OUmhtS0
[2026-06-18T20:38:32.107+0000] {data_modification.py:80} INFO - Update row with Video_ID: ivqjo1alypU
[2026-06-18T20:38:32.109+0000] {data_modification.py:80} INFO - Update row with Video_ID: PyeLqksgZ6U
[2026-06-18T20:38:32.111+0000] {data_modification.py:80} INFO - Update row with Video_ID: K55pZLwj8oE
[2026-06-18T20:38:32.113+0000] {data_modification.py:80} INFO - Update row with Video_ID: ujDvjAcZjzM
[2026-06-18T20:38:32.116+0000] {data_modification.py:80} INFO - Update row with Video_ID: 5SVYB6N8yq8
[2026-06-18T20:38:32.118+0000] {data_modification.py:80} INFO - Update row with Video_ID: PxlP9tdle5Q
[2026-06-18T20:38:32.120+0000] {data_modification.py:80} INFO - Update row with Video_ID: ejDUHwpZwdY
[2026-06-18T20:38:32.122+0000] {data_modification.py:80} INFO - Update row with Video_ID: iM4i5cdokuQ
[2026-06-18T20:38:32.125+0000] {data_modification.py:80} INFO - Update row with Video_ID: snSMnErMlz0
[2026-06-18T20:38:32.127+0000] {data_modification.py:80} INFO - Update row with Video_ID: a2cM73MPvew
[2026-06-18T20:38:32.130+0000] {data_modification.py:80} INFO - Update row with Video_ID: fvMuMBgq86A
[2026-06-18T20:38:32.132+0000] {data_modification.py:80} INFO - Update row with Video_ID: gmrxa12AZdU
[2026-06-18T20:38:32.134+0000] {data_modification.py:80} INFO - Update row with Video_ID: P0GHAcjulXQ
[2026-06-18T20:38:32.137+0000] {data_modification.py:80} INFO - Update row with Video_ID: tpHDE4LnAc0
[2026-06-18T20:38:32.139+0000] {data_modification.py:80} INFO - Update row with Video_ID: 8RvxfqAIqcY
[2026-06-18T20:38:32.142+0000] {data_modification.py:80} INFO - Update row with Video_ID: 0j9re-4dWhQ
[2026-06-18T20:38:32.144+0000] {data_modification.py:80} INFO - Update row with Video_ID: FfCwko-kg6M
[2026-06-18T20:38:32.146+0000] {data_modification.py:80} INFO - Update row with Video_ID: -IasuY6oxLQ
[2026-06-18T20:38:32.148+0000] {data_modification.py:80} INFO - Update row with Video_ID: tFUiwhCN2Oo
[2026-06-18T20:38:32.150+0000] {data_modification.py:80} INFO - Update row with Video_ID: qFP15uZ4byo
[2026-06-18T20:38:32.152+0000] {data_modification.py:80} INFO - Update row with Video_ID: VM0zfYJyp0Y
[2026-06-18T20:38:32.155+0000] {data_modification.py:80} INFO - Update row with Video_ID: HHpEiqFxkfU
[2026-06-18T20:38:32.157+0000] {data_modification.py:80} INFO - Update row with Video_ID: xQOW-oTteYI
[2026-06-18T20:38:32.159+0000] {data_modification.py:80} INFO - Update row with Video_ID: BzYaCPZe3BA
[2026-06-18T20:38:32.161+0000] {data_modification.py:80} INFO - Update row with Video_ID: MFDJmriR_Nc
[2026-06-18T20:38:32.163+0000] {data_modification.py:80} INFO - Update row with Video_ID: vcUIr8GIKZg
[2026-06-18T20:38:32.165+0000] {data_modification.py:80} INFO - Update row with Video_ID: tdEWOxlUMm0
[2026-06-18T20:38:32.167+0000] {data_modification.py:80} INFO - Update row with Video_ID: x0N6J7Ji9vY
[2026-06-18T20:38:32.169+0000] {data_modification.py:80} INFO - Update row with Video_ID: u5PlV779QJc
[2026-06-18T20:38:32.173+0000] {data_modification.py:80} INFO - Update row with Video_ID: haP7irsJLBQ
[2026-06-18T20:38:32.175+0000] {data_modification.py:80} INFO - Update row with Video_ID: Z3U57U_a2bI
[2026-06-18T20:38:32.177+0000] {data_modification.py:80} INFO - Update row with Video_ID: 6exqianuv8o
[2026-06-18T20:38:32.179+0000] {data_modification.py:80} INFO - Update row with Video_ID: VVI64QUJvgE
[2026-06-18T20:38:32.181+0000] {data_modification.py:80} INFO - Update row with Video_ID: 1juJL3EqfLI
[2026-06-18T20:38:32.183+0000] {data_modification.py:80} INFO - Update row with Video_ID: fauWuG7wFnM
[2026-06-18T20:38:32.185+0000] {data_modification.py:80} INFO - Update row with Video_ID: ASVLRt_-BoE
[2026-06-18T20:38:32.187+0000] {data_modification.py:80} INFO - Update row with Video_ID: bGymVjKe_yM
[2026-06-18T20:38:32.190+0000] {data_modification.py:80} INFO - Update row with Video_ID: l6iIlHPblFE
[2026-06-18T20:38:32.192+0000] {data_modification.py:80} INFO - Update row with Video_ID: 86AkczmT07g
[2026-06-18T20:38:32.194+0000] {data_modification.py:80} INFO - Update row with Video_ID: SHUzB8rkHd4
[2026-06-18T20:38:32.196+0000] {data_modification.py:80} INFO - Update row with Video_ID: xmbmC_jsD_I
[2026-06-18T20:38:32.198+0000] {data_modification.py:80} INFO - Update row with Video_ID: ZP27BWbhUbQ
[2026-06-18T20:38:32.200+0000] {data_modification.py:80} INFO - Update row with Video_ID: -zgpcBpwdDk
[2026-06-18T20:38:32.202+0000] {data_modification.py:80} INFO - Update row with Video_ID: Gv9r0iLTiQ4
[2026-06-18T20:38:32.205+0000] {data_modification.py:80} INFO - Update row with Video_ID: xScRhT_nIbw
[2026-06-18T20:38:32.207+0000] {data_modification.py:80} INFO - Update row with Video_ID: njiVd22ddOU
[2026-06-18T20:38:32.209+0000] {data_modification.py:80} INFO - Update row with Video_ID: bLWybsMIKWM
[2026-06-18T20:38:32.211+0000] {data_modification.py:80} INFO - Update row with Video_ID: 0FXmbjCgwmg
[2026-06-18T20:38:32.213+0000] {data_modification.py:80} INFO - Update row with Video_ID: PIq9524IzMg
[2026-06-18T20:38:32.216+0000] {data_modification.py:80} INFO - Update row with Video_ID: C047OInkcsI
[2026-06-18T20:38:32.217+0000] {data_modification.py:80} INFO - Update row with Video_ID: Cdqvp5IyNiw
[2026-06-18T20:38:32.219+0000] {data_modification.py:80} INFO - Update row with Video_ID: SJeDpkdNJNI
[2026-06-18T20:38:32.222+0000] {data_modification.py:80} INFO - Update row with Video_ID: 3Fi1xtZezig
[2026-06-18T20:38:32.225+0000] {data_modification.py:80} INFO - Update row with Video_ID: lR-enfySFng
[2026-06-18T20:38:32.227+0000] {data_modification.py:80} INFO - Update row with Video_ID: zs9A6SPN_BY
[2026-06-18T20:38:32.229+0000] {data_modification.py:80} INFO - Update row with Video_ID: Qo0WFbO9yKo
[2026-06-18T20:38:32.233+0000] {data_modification.py:80} INFO - Update row with Video_ID: PM_nsXeLpR4
[2026-06-18T20:38:32.235+0000] {data_modification.py:80} INFO - Update row with Video_ID: OytcSpTFIY0
[2026-06-18T20:38:32.237+0000] {data_modification.py:80} INFO - Update row with Video_ID: 4XSusfsYK30
[2026-06-18T20:38:32.240+0000] {data_modification.py:80} INFO - Update row with Video_ID: iy-l2Zq1Ejw
[2026-06-18T20:38:32.242+0000] {data_modification.py:80} INFO - Update row with Video_ID: 3e6xLt7ewTw
[2026-06-18T20:38:32.244+0000] {data_modification.py:80} INFO - Update row with Video_ID: O6SQB-oQ3u4
[2026-06-18T20:38:32.246+0000] {data_modification.py:80} INFO - Update row with Video_ID: A9T119ugdYs
[2026-06-18T20:38:32.248+0000] {data_modification.py:80} INFO - Update row with Video_ID: rRPF8ogXOd4
[2026-06-18T20:38:32.250+0000] {data_modification.py:80} INFO - Update row with Video_ID: aF6UMuaPQNc
[2026-06-18T20:38:32.252+0000] {data_modification.py:80} INFO - Update row with Video_ID: 5NIFc2SlwtQ
[2026-06-18T20:38:32.254+0000] {data_modification.py:80} INFO - Update row with Video_ID: 6jSB8uDG8KA
[2026-06-18T20:38:32.256+0000] {data_modification.py:80} INFO - Update row with Video_ID: Al76-Vg7YA4
[2026-06-18T20:38:32.258+0000] {data_modification.py:80} INFO - Update row with Video_ID: Kvu4PCyMB6w
[2026-06-18T20:38:32.261+0000] {data_modification.py:80} INFO - Update row with Video_ID: RKwMjZeCRAw
[2026-06-18T20:38:32.263+0000] {data_modification.py:80} INFO - Update row with Video_ID: mSf2EdwDQ1Y
[2026-06-18T20:38:32.265+0000] {data_modification.py:80} INFO - Update row with Video_ID: CVZQv9pcxBI
[2026-06-18T20:38:32.268+0000] {data_modification.py:80} INFO - Update row with Video_ID: F3lewf2Kvq0
[2026-06-18T20:38:32.270+0000] {data_modification.py:80} INFO - Update row with Video_ID: 9CD5twokBXg
[2026-06-18T20:38:32.272+0000] {data_modification.py:80} INFO - Update row with Video_ID: zq_1RY6UbvY
[2026-06-18T20:38:32.274+0000] {data_modification.py:80} INFO - Update row with Video_ID: GjuSjLU3W1Q
[2026-06-18T20:38:32.276+0000] {data_modification.py:80} INFO - Update row with Video_ID: 4VZgOMbfh3g
[2026-06-18T20:38:32.278+0000] {data_modification.py:80} INFO - Update row with Video_ID: AVej0-bhNWM
[2026-06-18T20:38:32.279+0000] {data_modification.py:80} INFO - Update row with Video_ID: wvKNNoIlFQ4
[2026-06-18T20:38:32.281+0000] {data_modification.py:80} INFO - Update row with Video_ID: mCGDCBE04SI
[2026-06-18T20:38:32.283+0000] {data_modification.py:80} INFO - Update row with Video_ID: c9tNjZ9a0QA
[2026-06-18T20:38:32.285+0000] {data_modification.py:80} INFO - Update row with Video_ID: HdOQ6V0gUI4
[2026-06-18T20:38:32.287+0000] {data_modification.py:80} INFO - Update row with Video_ID: v107_PTk3Z8
[2026-06-18T20:38:32.289+0000] {data_modification.py:80} INFO - Update row with Video_ID: gD4tNYrmd4E
[2026-06-18T20:38:32.291+0000] {data_modification.py:80} INFO - Update row with Video_ID: i9g8gxPuzkA
[2026-06-18T20:38:32.293+0000] {data_modification.py:80} INFO - Update row with Video_ID: TF0rysbBbPQ
[2026-06-18T20:38:32.295+0000] {data_modification.py:80} INFO - Update row with Video_ID: NK4ogO4hz10
[2026-06-18T20:38:32.297+0000] {data_modification.py:80} INFO - Update row with Video_ID: xu7IApTx8cQ
[2026-06-18T20:38:32.299+0000] {data_modification.py:80} INFO - Update row with Video_ID: Ae1J_breeeg
[2026-06-18T20:38:32.301+0000] {data_modification.py:80} INFO - Update row with Video_ID: AGUE115u_P4
[2026-06-18T20:38:32.303+0000] {data_modification.py:80} INFO - Update row with Video_ID: XYSnXXsW9as
[2026-06-18T20:38:32.306+0000] {data_modification.py:80} INFO - Update row with Video_ID: xgMusunuIJY
[2026-06-18T20:38:32.308+0000] {data_modification.py:80} INFO - Update row with Video_ID: v83iyV7xyTQ
[2026-06-18T20:38:32.310+0000] {data_modification.py:80} INFO - Update row with Video_ID: UyqBE_CPm_k
[2026-06-18T20:38:32.312+0000] {data_modification.py:80} INFO - Update row with Video_ID: R28UTHYHjAI
[2026-06-18T20:38:32.315+0000] {data_modification.py:80} INFO - Update row with Video_ID: 6VpbB3_X5_s
[2026-06-18T20:38:32.317+0000] {data_modification.py:80} INFO - Update row with Video_ID: AkKELHWscW4
[2026-06-18T20:38:32.319+0000] {data_modification.py:80} INFO - Update row with Video_ID: TtAbtLehHI0
[2026-06-18T20:38:32.321+0000] {data_modification.py:42} ERROR - Insert error Video_ID=SV9yWokx6Y4: duplicate key value violates unique constraint "yt_api_pkey"
DETAIL:  Key (video_id)=(SV9yWokx6Y4) already exists.

[2026-06-18T20:38:32.322+0000] {dwh.py:102} ERROR - An error occurred during the update of core table: duplicate key value violates unique constraint "yt_api_pkey"
DETAIL:  Key (video_id)=(SV9yWokx6Y4) already exists.

[2026-06-18T20:38:32.322+0000] {taskinstance.py:441} INFO - ::group::Post task execution logs
[2026-06-18T20:38:32.325+0000] {taskinstance.py:2905} ERROR - Task failed with exception
Traceback (most recent call last):
  File "/home/airflow/.local/lib/python3.10/site-packages/airflow/models/taskinstance.py", line 465, in _execute_task
    result = _execute_callable(context=context, **execute_callable_kwargs)
  File "/home/airflow/.local/lib/python3.10/site-packages/airflow/models/taskinstance.py", line 432, in _execute_callable
    return execute_callable(context=context, **execute_callable_kwargs)
  File "/home/airflow/.local/lib/python3.10/site-packages/airflow/models/baseoperator.py", line 401, in wrapper
    return func(self, *args, **kwargs)
  File "/home/airflow/.local/lib/python3.10/site-packages/airflow/decorators/base.py", line 265, in execute
    return_value = super().execute(context)
  File "/home/airflow/.local/lib/python3.10/site-packages/airflow/models/baseoperator.py", line 401, in wrapper
    return func(self, *args, **kwargs)
  File "/home/airflow/.local/lib/python3.10/site-packages/airflow/operators/python.py", line 235, in execute
    return_value = self.execute_callable()
  File "/home/airflow/.local/lib/python3.10/site-packages/airflow/operators/python.py", line 252, in execute_callable
    return self.python_callable(*self.op_args, **self.op_kwargs)
  File "/opt/airflow/dags/datawarehouse/dwh.py", line 103, in core_table
    raise e
  File "/opt/airflow/dags/datawarehouse/dwh.py", line 91, in core_table
    insert_rows(cur, conn, schema, transformed_row)
  File "/opt/airflow/dags/datawarehouse/data_modification.py", line 24, in insert_rows
    cur.execute(f'''
  File "/home/airflow/.local/lib/python3.10/site-packages/psycopg2/extras.py", line 236, in execute
    return super().execute(query, vars)
psycopg2.errors.UniqueViolation: duplicate key value violates unique constraint "yt_api_pkey"
DETAIL:  Key (video_id)=(SV9yWokx6Y4) already exists.

[2026-06-18T20:38:32.347+0000] {taskinstance.py:1206} INFO - Marking task as FAILED. dag_id=update_db, task_id=core_table, run_id=manual__2026-06-18T20:38:18.525468+00:00, execution_date=20260618T203818, start_date=20260618T203830, end_date=20260618T203832
[2026-06-18T20:38:32.360+0000] {standard_task_runner.py:110} ERROR - Failed to execute job 245 for task core_table (duplicate key value violates unique constraint "yt_api_pkey"
DETAIL:  Key (video_id)=(SV9yWokx6Y4) already exists.
; 6116)
[2026-06-18T20:38:32.380+0000] {local_task_job_runner.py:240} INFO - Task exited with return code 1
[2026-06-18T20:38:32.406+0000] {taskinstance.py:3503} INFO - 0 downstream tasks scheduled from follow-on schedule check
[2026-06-18T20:38:32.410+0000] {local_task_job_runner.py:222} INFO - ::endgroup::
